2024-06-08 07:23:05,606 WARN [main] deprecation.org.apache.nifi.processors.kafka.pubsub.ConsumeKafkaRecord_2_0 Added Deprecated Component ConsumeKafkaRecord_2_0[id=f2804b4c-018f-1000-4a33-2dd2890abf91] See alternatives [org.apache.nifi.processors.kafka.pubsub.ConsumeKafkaRecord_2_6]
org.apache.nifi.deprecation.log.DeprecationException: Reference Class [org.apache.nifi.processors.kafka.pubsub.ConsumeKafkaRecord_2_0] ClassLoader [org.apache.nifi.nar.NarClassLoader[./work/nar/extensions/nifi-kafka-2-0-nar-1.26.0.nar-unpacked]]
	at org.apache.nifi.deprecation.log.StandardDeprecationLogger.getExtendedArguments(StandardDeprecationLogger.java:63)
	at org.apache.nifi.deprecation.log.StandardDeprecationLogger.warn(StandardDeprecationLogger.java:54)
	at org.apache.nifi.controller.flow.StandardFlowManager.logDeprecationNotice(StandardFlowManager.java:715)
	at org.apache.nifi.controller.flow.StandardFlowManager.createProcessor(StandardFlowManager.java:357)
	at org.apache.nifi.controller.flow.AbstractFlowManager.createProcessor(AbstractFlowManager.java:366)
	at org.apache.nifi.flow.synchronization.StandardVersionedComponentSynchronizer.addProcessor(StandardVersionedComponentSynchronizer.java:2510)
	at org.apache.nifi.flow.synchronization.StandardVersionedComponentSynchronizer.synchronizeProcessors(StandardVersionedComponentSynchronizer.java:1034)
	at org.apache.nifi.flow.synchronization.StandardVersionedComponentSynchronizer.synchronize(StandardVersionedComponentSynchronizer.java:432)
	at org.apache.nifi.flow.synchronization.StandardVersionedComponentSynchronizer.lambda$synchronize$0(StandardVersionedComponentSynchronizer.java:265)
	at org.apache.nifi.controller.flow.AbstractFlowManager.withParameterContextResolution(AbstractFlowManager.java:551)
	at org.apache.nifi.flow.synchronization.StandardVersionedComponentSynchronizer.synchronize(StandardVersionedComponentSynchronizer.java:260)
	at org.apache.nifi.groups.StandardProcessGroup.synchronizeFlow(StandardProcessGroup.java:3979)
	at org.apache.nifi.controller.serialization.VersionedFlowSynchronizer.synchronizeFlow(VersionedFlowSynchronizer.java:439)
	at org.apache.nifi.controller.serialization.VersionedFlowSynchronizer.sync(VersionedFlowSynchronizer.java:206)
	at org.apache.nifi.controller.serialization.StandardFlowSynchronizer.sync(StandardFlowSynchronizer.java:42)
	at org.apache.nifi.controller.FlowController.synchronize(FlowController.java:1530)
	at org.apache.nifi.persistence.StandardFlowConfigurationDAO.load(StandardFlowConfigurationDAO.java:104)
	at org.apache.nifi.controller.StandardFlowService.loadFromBytes(StandardFlowService.java:817)
	at org.apache.nifi.controller.StandardFlowService.load(StandardFlowService.java:538)
	at org.apache.nifi.web.contextlistener.ApplicationStartupContextListener.contextInitialized(ApplicationStartupContextListener.java:67)
	at org.eclipse.jetty.server.handler.ContextHandler.callContextInitialized(ContextHandler.java:1073)
	at org.eclipse.jetty.servlet.ServletContextHandler.callContextInitialized(ServletContextHandler.java:572)
	at org.eclipse.jetty.server.handler.ContextHandler.contextInitialized(ContextHandler.java:1002)
	at org.eclipse.jetty.servlet.ServletHandler.initialize(ServletHandler.java:765)
	at org.eclipse.jetty.servlet.ServletContextHandler.startContext(ServletContextHandler.java:379)
	at org.eclipse.jetty.webapp.WebAppContext.startWebapp(WebAppContext.java:1449)
	at org.eclipse.jetty.webapp.WebAppContext.startContext(WebAppContext.java:1414)
	at org.eclipse.jetty.server.handler.ContextHandler.doStart(ContextHandler.java:916)
	at org.eclipse.jetty.servlet.ServletContextHandler.doStart(ServletContextHandler.java:288)
	at org.eclipse.jetty.webapp.WebAppContext.doStart(WebAppContext.java:524)
	at org.eclipse.jetty.util.component.AbstractLifeCycle.start(AbstractLifeCycle.java:73)
	at org.eclipse.jetty.util.component.ContainerLifeCycle.start(ContainerLifeCycle.java:169)
	at org.eclipse.jetty.util.component.ContainerLifeCycle.doStart(ContainerLifeCycle.java:117)
	at org.eclipse.jetty.server.handler.AbstractHandler.doStart(AbstractHandler.java:97)
	at org.eclipse.jetty.util.component.AbstractLifeCycle.start(AbstractLifeCycle.java:73)
	at org.eclipse.jetty.util.component.ContainerLifeCycle.start(ContainerLifeCycle.java:169)
	at org.eclipse.jetty.util.component.ContainerLifeCycle.doStart(ContainerLifeCycle.java:110)
	at org.eclipse.jetty.server.handler.AbstractHandler.doStart(AbstractHandler.java:97)
	at org.eclipse.jetty.server.handler.gzip.GzipHandler.doStart(GzipHandler.java:426)
	at org.eclipse.jetty.util.component.AbstractLifeCycle.start(AbstractLifeCycle.java:73)
	at org.eclipse.jetty.util.component.ContainerLifeCycle.start(ContainerLifeCycle.java:169)
	at org.eclipse.jetty.util.component.ContainerLifeCycle.doStart(ContainerLifeCycle.java:117)
	at org.eclipse.jetty.server.handler.AbstractHandler.doStart(AbstractHandler.java:97)
	at org.eclipse.jetty.util.component.AbstractLifeCycle.start(AbstractLifeCycle.java:73)
	at org.eclipse.jetty.util.component.ContainerLifeCycle.start(ContainerLifeCycle.java:169)
	at org.eclipse.jetty.util.component.ContainerLifeCycle.doStart(ContainerLifeCycle.java:117)
	at org.eclipse.jetty.server.handler.AbstractHandler.doStart(AbstractHandler.java:97)
	at org.eclipse.jetty.util.component.AbstractLifeCycle.start(AbstractLifeCycle.java:73)
	at org.eclipse.jetty.util.component.ContainerLifeCycle.start(ContainerLifeCycle.java:169)
	at org.eclipse.jetty.server.Server.start(Server.java:423)
	at org.eclipse.jetty.util.component.ContainerLifeCycle.doStart(ContainerLifeCycle.java:110)
	at org.eclipse.jetty.server.handler.AbstractHandler.doStart(AbstractHandler.java:97)
	at org.eclipse.jetty.server.Server.doStart(Server.java:387)
	at org.eclipse.jetty.util.component.AbstractLifeCycle.start(AbstractLifeCycle.java:73)
	at org.apache.nifi.web.server.JettyServer.start(JettyServer.java:818)
	at org.apache.nifi.NiFi.<init>(NiFi.java:172)
	at org.apache.nifi.NiFi.<init>(NiFi.java:83)
	at org.apache.nifi.NiFi.main(NiFi.java:332)
