2024-06-07 00:33:56,208 INFO [main] o.a.n.b.NotificationServiceManager Successfully loaded the following 0 services: []
2024-06-07 00:33:56,212 INFO [main] org.apache.nifi.bootstrap.RunNiFi Registered no Notification Services for Notification Type NIFI_STARTED
2024-06-07 00:33:56,212 INFO [main] org.apache.nifi.bootstrap.RunNiFi Registered no Notification Services for Notification Type NIFI_STOPPED
2024-06-07 00:33:56,212 INFO [main] org.apache.nifi.bootstrap.RunNiFi Registered no Notification Services for Notification Type NIFI_DIED
2024-06-07 00:33:56,226 INFO [main] org.apache.nifi.bootstrap.RunNiFi Runtime Java version: 11.0.23
2024-06-07 00:33:56,330 INFO [main] org.apache.nifi.bootstrap.RunNiFi {javaVersion=11.0.23, availableProcessors=8, maxOpenFileDescriptors=1048576, totalPhysicalMemoryMB=19736, minimumHeapSize=1g, maximumHeapSize=1g}
2024-06-07 00:33:56,343 INFO [main] org.apache.nifi.bootstrap.Command Starting Apache NiFi...
2024-06-07 00:33:56,343 INFO [main] org.apache.nifi.bootstrap.Command Working Directory: /opt/nifi/nifi-current
2024-06-07 00:33:56,343 INFO [main] org.apache.nifi.bootstrap.Command Command: /opt/java/openjdk/bin/java -classpath /opt/nifi/nifi-current/./conf:/opt/nifi/nifi-current/./lib/nifi-server-api-1.26.0.jar:/opt/nifi/nifi-current/./lib/nifi-properties-1.26.0.jar:/opt/nifi/nifi-current/./lib/nifi-stateless-bootstrap-1.26.0.jar:/opt/nifi/nifi-current/./lib/nifi-runtime-1.26.0.jar:/opt/nifi/nifi-current/./lib/nifi-stateless-api-1.26.0.jar:/opt/nifi/nifi-current/./lib/jul-to-slf4j-2.0.12.jar:/opt/nifi/nifi-current/./lib/jcl-over-slf4j-2.0.12.jar:/opt/nifi/nifi-current/./lib/logback-core-1.3.14.jar:/opt/nifi/nifi-current/./lib/nifi-api-1.26.0.jar:/opt/nifi/nifi-current/./lib/nifi-property-utils-1.26.0.jar:/opt/nifi/nifi-current/./lib/byte-buddy-1.12.19.jar:/opt/nifi/nifi-current/./lib/logback-classic-1.3.14.jar:/opt/nifi/nifi-current/./lib/nifi-framework-api-1.26.0.jar:/opt/nifi/nifi-current/./lib/log4j-over-slf4j-2.0.12.jar:/opt/nifi/nifi-current/./lib/jetty-schemas-5.2.jar:/opt/nifi/nifi-current/./lib/javax.servlet-api-3.1.0.jar:/opt/nifi/nifi-current/./lib/nifi-nar-utils-1.26.0.jar:/opt/nifi/nifi-current/./lib/nifi-per-process-group-logging-1.26.0.jar:/opt/nifi/nifi-current/./lib/slf4j-api-2.0.12.jar:/opt/nifi/nifi-current/./lib/java11/jakarta.activation-api-1.2.2.jar:/opt/nifi/nifi-current/./lib/java11/jakarta.xml.bind-api-2.3.3.jar:/opt/nifi/nifi-current/./lib/java11/jakarta.activation-1.2.2.jar:/opt/nifi/nifi-current/./lib/java11/istack-commons-runtime-3.0.12.jar:/opt/nifi/nifi-current/./lib/java11/jaxb-runtime-2.3.9.jar:/opt/nifi/nifi-current/./lib/java11/txw2-2.3.9.jar:/opt/nifi/nifi-current/./lib/java11/javax.annotation-api-1.3.2.jar -Dorg.apache.jasper.compiler.disablejsr199=true -Xmx1g -Xms1g -Dcurator-log-only-first-connection-issue-as-error-level=true -Djavax.security.auth.useSubjectCredsOnly=true -Djava.security.egd=file:/dev/urandom -Dzookeeper.admin.enableServer=false -Dsun.net.http.allowRestrictedHeaders=true -Djava.net.preferIPv4Stack=true -Djava.awt.headless=true -Djava.protocol.handler.pkgs=sun.net.www.protocol -Dnifi.properties.file.path=/opt/nifi/nifi-current/./conf/nifi.properties -Dnifi.bootstrap.listen.port=34121 -Dapp=NiFi -Dorg.apache.nifi.bootstrap.config.log.dir=/opt/nifi/nifi-current/logs org.apache.nifi.NiFi 
2024-06-07 00:33:56,390 INFO [main] org.apache.nifi.bootstrap.Command Launched Apache NiFi with Process ID 90
2024-06-07 00:33:56,781 INFO [NiFi Bootstrap Command Listener] org.apache.nifi.bootstrap.RunNiFi Apache NiFi now running and listening for Bootstrap requests on port 38793
2024-06-07 00:34:05,131 ERROR [NiFi logging handler] org.apache.nifi.StdErr WARNING: An illegal reflective access operation has occurred
2024-06-07 00:34:05,131 ERROR [NiFi logging handler] org.apache.nifi.StdErr WARNING: Illegal reflective access by jetbrains.exodus.io.FileDataWriter$Companion$setUninterruptibleMethod$1 (file:/opt/nifi/nifi-current/./work/nar/framework/nifi-framework-nar-1.26.0.nar-unpacked/NAR-INF/bundled-dependencies/xodus-environment-2.0.1.jar) to method sun.nio.ch.FileChannelImpl.setUninterruptible()
2024-06-07 00:34:05,131 ERROR [NiFi logging handler] org.apache.nifi.StdErr WARNING: Please consider reporting this to the maintainers of jetbrains.exodus.io.FileDataWriter$Companion$setUninterruptibleMethod$1
2024-06-07 00:34:05,131 ERROR [NiFi logging handler] org.apache.nifi.StdErr WARNING: Use --illegal-access=warn to enable warnings of further illegal reflective access operations
2024-06-07 00:34:05,131 ERROR [NiFi logging handler] org.apache.nifi.StdErr WARNING: All illegal access operations will be denied in a future release
2024-06-07 01:31:51,804 INFO [main] o.a.n.b.NotificationServiceManager Successfully loaded the following 0 services: []
2024-06-07 01:31:51,806 INFO [main] org.apache.nifi.bootstrap.RunNiFi Registered no Notification Services for Notification Type NIFI_STARTED
2024-06-07 01:31:51,806 INFO [main] org.apache.nifi.bootstrap.RunNiFi Registered no Notification Services for Notification Type NIFI_STOPPED
2024-06-07 01:31:51,806 INFO [main] org.apache.nifi.bootstrap.RunNiFi Registered no Notification Services for Notification Type NIFI_DIED
2024-06-07 01:31:51,819 INFO [main] org.apache.nifi.bootstrap.Command Apache NiFi has accepted the Shutdown Command and is shutting down now
2024-06-07 01:31:51,860 INFO [main] org.apache.nifi.bootstrap.Command NiFi PID [90] shutdown in progress...
2024-06-07 01:31:53,863 INFO [main] org.apache.nifi.bootstrap.Command NiFi PID [90] shutdown completed
2024-06-07 01:31:54,025 INFO [main] org.apache.nifi.bootstrap.RunNiFi Status File no longer exists. Will not restart NiFi
2024-06-07 01:39:49,764 INFO [main] o.a.n.b.NotificationServiceManager Successfully loaded the following 0 services: []
2024-06-07 01:39:49,777 INFO [main] org.apache.nifi.bootstrap.RunNiFi Registered no Notification Services for Notification Type NIFI_STARTED
2024-06-07 01:39:49,778 INFO [main] org.apache.nifi.bootstrap.RunNiFi Registered no Notification Services for Notification Type NIFI_STOPPED
2024-06-07 01:39:49,778 INFO [main] org.apache.nifi.bootstrap.RunNiFi Registered no Notification Services for Notification Type NIFI_DIED
2024-06-07 01:39:49,816 INFO [main] org.apache.nifi.bootstrap.RunNiFi Runtime Java version: 11.0.23
2024-06-07 01:39:50,086 INFO [main] org.apache.nifi.bootstrap.RunNiFi {javaVersion=11.0.23, availableProcessors=8, maxOpenFileDescriptors=1048576, totalPhysicalMemoryMB=19736, minimumHeapSize=1g, maximumHeapSize=1g}
2024-06-07 01:39:50,118 INFO [main] org.apache.nifi.bootstrap.Command Starting Apache NiFi...
2024-06-07 01:39:50,118 INFO [main] org.apache.nifi.bootstrap.Command Working Directory: /opt/nifi/nifi-current
2024-06-07 01:39:50,119 INFO [main] org.apache.nifi.bootstrap.Command Command: /opt/java/openjdk/bin/java -classpath /opt/nifi/nifi-current/./conf:/opt/nifi/nifi-current/./lib/nifi-server-api-1.26.0.jar:/opt/nifi/nifi-current/./lib/nifi-properties-1.26.0.jar:/opt/nifi/nifi-current/./lib/nifi-stateless-bootstrap-1.26.0.jar:/opt/nifi/nifi-current/./lib/nifi-runtime-1.26.0.jar:/opt/nifi/nifi-current/./lib/nifi-stateless-api-1.26.0.jar:/opt/nifi/nifi-current/./lib/jul-to-slf4j-2.0.12.jar:/opt/nifi/nifi-current/./lib/jcl-over-slf4j-2.0.12.jar:/opt/nifi/nifi-current/./lib/logback-core-1.3.14.jar:/opt/nifi/nifi-current/./lib/nifi-api-1.26.0.jar:/opt/nifi/nifi-current/./lib/nifi-property-utils-1.26.0.jar:/opt/nifi/nifi-current/./lib/byte-buddy-1.12.19.jar:/opt/nifi/nifi-current/./lib/logback-classic-1.3.14.jar:/opt/nifi/nifi-current/./lib/nifi-framework-api-1.26.0.jar:/opt/nifi/nifi-current/./lib/log4j-over-slf4j-2.0.12.jar:/opt/nifi/nifi-current/./lib/jetty-schemas-5.2.jar:/opt/nifi/nifi-current/./lib/javax.servlet-api-3.1.0.jar:/opt/nifi/nifi-current/./lib/nifi-nar-utils-1.26.0.jar:/opt/nifi/nifi-current/./lib/nifi-per-process-group-logging-1.26.0.jar:/opt/nifi/nifi-current/./lib/slf4j-api-2.0.12.jar:/opt/nifi/nifi-current/./lib/java11/jakarta.activation-api-1.2.2.jar:/opt/nifi/nifi-current/./lib/java11/jakarta.xml.bind-api-2.3.3.jar:/opt/nifi/nifi-current/./lib/java11/jakarta.activation-1.2.2.jar:/opt/nifi/nifi-current/./lib/java11/istack-commons-runtime-3.0.12.jar:/opt/nifi/nifi-current/./lib/java11/jaxb-runtime-2.3.9.jar:/opt/nifi/nifi-current/./lib/java11/txw2-2.3.9.jar:/opt/nifi/nifi-current/./lib/java11/javax.annotation-api-1.3.2.jar -Dorg.apache.jasper.compiler.disablejsr199=true -Xmx1g -Xms1g -Dcurator-log-only-first-connection-issue-as-error-level=true -Djavax.security.auth.useSubjectCredsOnly=true -Djava.security.egd=file:/dev/urandom -Dzookeeper.admin.enableServer=false -Dsun.net.http.allowRestrictedHeaders=true -Djava.net.preferIPv4Stack=true -Djava.awt.headless=true -Djava.protocol.handler.pkgs=sun.net.www.protocol -Dnifi.properties.file.path=/opt/nifi/nifi-current/./conf/nifi.properties -Dnifi.bootstrap.listen.port=37067 -Dapp=NiFi -Dorg.apache.nifi.bootstrap.config.log.dir=/opt/nifi/nifi-current/logs org.apache.nifi.NiFi 
2024-06-07 01:39:50,212 INFO [main] org.apache.nifi.bootstrap.Command Launched Apache NiFi with Process ID 89
2024-06-07 01:39:51,092 INFO [NiFi Bootstrap Command Listener] org.apache.nifi.bootstrap.RunNiFi Apache NiFi now running and listening for Bootstrap requests on port 35019
2024-06-07 01:40:03,960 ERROR [NiFi logging handler] org.apache.nifi.StdErr Warning: Nashorn engine is planned to be removed from a future JDK release
2024-06-07 01:40:06,423 ERROR [NiFi logging handler] org.apache.nifi.StdErr Warning: Nashorn engine is planned to be removed from a future JDK release
2024-06-07 01:40:06,434 ERROR [NiFi logging handler] org.apache.nifi.StdErr Warning: Nashorn engine is planned to be removed from a future JDK release
2024-06-07 01:40:06,455 ERROR [NiFi logging handler] org.apache.nifi.StdErr Warning: Nashorn engine is planned to be removed from a future JDK release
2024-06-07 01:40:06,462 ERROR [NiFi logging handler] org.apache.nifi.StdErr Warning: Nashorn engine is planned to be removed from a future JDK release
2024-06-07 01:40:06,481 ERROR [NiFi logging handler] org.apache.nifi.StdErr Warning: Nashorn engine is planned to be removed from a future JDK release
2024-06-07 01:40:06,639 ERROR [NiFi logging handler] org.apache.nifi.StdErr Warning: Nashorn engine is planned to be removed from a future JDK release
2024-06-07 01:40:06,648 ERROR [NiFi logging handler] org.apache.nifi.StdErr Warning: Nashorn engine is planned to be removed from a future JDK release
2024-06-07 01:40:06,883 ERROR [NiFi logging handler] org.apache.nifi.StdErr Warning: Nashorn engine is planned to be removed from a future JDK release
2024-06-07 01:40:11,074 ERROR [NiFi logging handler] org.apache.nifi.StdErr WARNING: An illegal reflective access operation has occurred
2024-06-07 01:40:11,074 ERROR [NiFi logging handler] org.apache.nifi.StdErr WARNING: Illegal reflective access by jetbrains.exodus.io.FileDataWriter$Companion$setUninterruptibleMethod$1 (file:/opt/nifi/nifi-current/./work/nar/framework/nifi-framework-nar-1.26.0.nar-unpacked/NAR-INF/bundled-dependencies/xodus-environment-2.0.1.jar) to method sun.nio.ch.FileChannelImpl.setUninterruptible()
2024-06-07 01:40:11,074 ERROR [NiFi logging handler] org.apache.nifi.StdErr WARNING: Please consider reporting this to the maintainers of jetbrains.exodus.io.FileDataWriter$Companion$setUninterruptibleMethod$1
2024-06-07 01:40:11,074 ERROR [NiFi logging handler] org.apache.nifi.StdErr WARNING: Use --illegal-access=warn to enable warnings of further illegal reflective access operations
2024-06-07 01:40:11,077 ERROR [NiFi logging handler] org.apache.nifi.StdErr WARNING: All illegal access operations will be denied in a future release
2024-06-07 01:43:27,668 INFO [main] o.a.n.b.NotificationServiceManager Successfully loaded the following 0 services: []
2024-06-07 01:43:27,671 INFO [main] org.apache.nifi.bootstrap.RunNiFi Registered no Notification Services for Notification Type NIFI_STARTED
2024-06-07 01:43:27,671 INFO [main] org.apache.nifi.bootstrap.RunNiFi Registered no Notification Services for Notification Type NIFI_STOPPED
2024-06-07 01:43:27,671 INFO [main] org.apache.nifi.bootstrap.RunNiFi Registered no Notification Services for Notification Type NIFI_DIED
2024-06-07 01:43:27,687 INFO [main] org.apache.nifi.bootstrap.Command Apache NiFi has accepted the Shutdown Command and is shutting down now
2024-06-07 01:43:27,734 INFO [main] org.apache.nifi.bootstrap.Command NiFi PID [89] shutdown in progress...
2024-06-07 01:43:29,737 INFO [main] org.apache.nifi.bootstrap.Command NiFi PID [89] shutdown in progress...
2024-06-07 01:43:30,266 INFO [main] org.apache.nifi.bootstrap.RunNiFi A shutdown was initiated. Will not restart NiFi
2024-06-07 01:43:31,739 INFO [main] org.apache.nifi.bootstrap.Command NiFi PID [89] shutdown completed
2024-06-07 01:47:08,145 INFO [main] o.a.n.b.NotificationServiceManager Successfully loaded the following 0 services: []
2024-06-07 01:47:08,149 INFO [main] org.apache.nifi.bootstrap.RunNiFi Registered no Notification Services for Notification Type NIFI_STARTED
2024-06-07 01:47:08,150 INFO [main] org.apache.nifi.bootstrap.RunNiFi Registered no Notification Services for Notification Type NIFI_STOPPED
2024-06-07 01:47:08,150 INFO [main] org.apache.nifi.bootstrap.RunNiFi Registered no Notification Services for Notification Type NIFI_DIED
2024-06-07 01:47:08,177 INFO [main] org.apache.nifi.bootstrap.RunNiFi Runtime Java version: 11.0.23
2024-06-07 01:47:08,319 INFO [main] org.apache.nifi.bootstrap.RunNiFi {javaVersion=11.0.23, availableProcessors=8, maxOpenFileDescriptors=1048576, totalPhysicalMemoryMB=19736, minimumHeapSize=1g, maximumHeapSize=1g}
2024-06-07 01:47:08,334 INFO [main] org.apache.nifi.bootstrap.Command Starting Apache NiFi...
2024-06-07 01:47:08,334 INFO [main] org.apache.nifi.bootstrap.Command Working Directory: /opt/nifi/nifi-current
2024-06-07 01:47:08,334 INFO [main] org.apache.nifi.bootstrap.Command Command: /opt/java/openjdk/bin/java -classpath /opt/nifi/nifi-current/./conf:/opt/nifi/nifi-current/./lib/nifi-server-api-1.26.0.jar:/opt/nifi/nifi-current/./lib/nifi-properties-1.26.0.jar:/opt/nifi/nifi-current/./lib/nifi-stateless-bootstrap-1.26.0.jar:/opt/nifi/nifi-current/./lib/nifi-runtime-1.26.0.jar:/opt/nifi/nifi-current/./lib/nifi-stateless-api-1.26.0.jar:/opt/nifi/nifi-current/./lib/jul-to-slf4j-2.0.12.jar:/opt/nifi/nifi-current/./lib/jcl-over-slf4j-2.0.12.jar:/opt/nifi/nifi-current/./lib/logback-core-1.3.14.jar:/opt/nifi/nifi-current/./lib/nifi-api-1.26.0.jar:/opt/nifi/nifi-current/./lib/nifi-property-utils-1.26.0.jar:/opt/nifi/nifi-current/./lib/byte-buddy-1.12.19.jar:/opt/nifi/nifi-current/./lib/logback-classic-1.3.14.jar:/opt/nifi/nifi-current/./lib/nifi-framework-api-1.26.0.jar:/opt/nifi/nifi-current/./lib/log4j-over-slf4j-2.0.12.jar:/opt/nifi/nifi-current/./lib/jetty-schemas-5.2.jar:/opt/nifi/nifi-current/./lib/javax.servlet-api-3.1.0.jar:/opt/nifi/nifi-current/./lib/nifi-nar-utils-1.26.0.jar:/opt/nifi/nifi-current/./lib/nifi-per-process-group-logging-1.26.0.jar:/opt/nifi/nifi-current/./lib/slf4j-api-2.0.12.jar:/opt/nifi/nifi-current/./lib/java11/jakarta.activation-api-1.2.2.jar:/opt/nifi/nifi-current/./lib/java11/jakarta.xml.bind-api-2.3.3.jar:/opt/nifi/nifi-current/./lib/java11/jakarta.activation-1.2.2.jar:/opt/nifi/nifi-current/./lib/java11/istack-commons-runtime-3.0.12.jar:/opt/nifi/nifi-current/./lib/java11/jaxb-runtime-2.3.9.jar:/opt/nifi/nifi-current/./lib/java11/txw2-2.3.9.jar:/opt/nifi/nifi-current/./lib/java11/javax.annotation-api-1.3.2.jar -Dorg.apache.jasper.compiler.disablejsr199=true -Xmx1g -Xms1g -Dcurator-log-only-first-connection-issue-as-error-level=true -Djavax.security.auth.useSubjectCredsOnly=true -Djava.security.egd=file:/dev/urandom -Dzookeeper.admin.enableServer=false -Dsun.net.http.allowRestrictedHeaders=true -Djava.net.preferIPv4Stack=true -Djava.awt.headless=true -Djava.protocol.handler.pkgs=sun.net.www.protocol -Dnifi.properties.file.path=/opt/nifi/nifi-current/./conf/nifi.properties -Dnifi.bootstrap.listen.port=45919 -Dapp=NiFi -Dorg.apache.nifi.bootstrap.config.log.dir=/opt/nifi/nifi-current/logs org.apache.nifi.NiFi 
2024-06-07 01:47:08,403 INFO [main] org.apache.nifi.bootstrap.Command Launched Apache NiFi with Process ID 89
2024-06-07 01:47:09,309 INFO [NiFi Bootstrap Command Listener] org.apache.nifi.bootstrap.RunNiFi Apache NiFi now running and listening for Bootstrap requests on port 43173
2024-06-07 01:47:22,152 ERROR [NiFi logging handler] org.apache.nifi.StdErr Warning: Nashorn engine is planned to be removed from a future JDK release
2024-06-07 01:47:24,048 ERROR [NiFi logging handler] org.apache.nifi.StdErr Warning: Nashorn engine is planned to be removed from a future JDK release
2024-06-07 01:47:24,057 ERROR [NiFi logging handler] org.apache.nifi.StdErr Warning: Nashorn engine is planned to be removed from a future JDK release
2024-06-07 01:47:24,073 ERROR [NiFi logging handler] org.apache.nifi.StdErr Warning: Nashorn engine is planned to be removed from a future JDK release
2024-06-07 01:47:24,080 ERROR [NiFi logging handler] org.apache.nifi.StdErr Warning: Nashorn engine is planned to be removed from a future JDK release
2024-06-07 01:47:24,099 ERROR [NiFi logging handler] org.apache.nifi.StdErr Warning: Nashorn engine is planned to be removed from a future JDK release
2024-06-07 01:47:24,246 ERROR [NiFi logging handler] org.apache.nifi.StdErr Warning: Nashorn engine is planned to be removed from a future JDK release
2024-06-07 01:47:24,259 ERROR [NiFi logging handler] org.apache.nifi.StdErr Warning: Nashorn engine is planned to be removed from a future JDK release
2024-06-07 01:47:24,470 ERROR [NiFi logging handler] org.apache.nifi.StdErr Warning: Nashorn engine is planned to be removed from a future JDK release
2024-06-07 01:47:28,180 ERROR [NiFi logging handler] org.apache.nifi.StdErr WARNING: An illegal reflective access operation has occurred
2024-06-07 01:47:28,181 ERROR [NiFi logging handler] org.apache.nifi.StdErr WARNING: Illegal reflective access by jetbrains.exodus.io.FileDataWriter$Companion$setUninterruptibleMethod$1 (file:/opt/nifi/nifi-current/./work/nar/framework/nifi-framework-nar-1.26.0.nar-unpacked/NAR-INF/bundled-dependencies/xodus-environment-2.0.1.jar) to method sun.nio.ch.FileChannelImpl.setUninterruptible()
2024-06-07 01:47:28,181 ERROR [NiFi logging handler] org.apache.nifi.StdErr WARNING: Please consider reporting this to the maintainers of jetbrains.exodus.io.FileDataWriter$Companion$setUninterruptibleMethod$1
2024-06-07 01:47:28,181 ERROR [NiFi logging handler] org.apache.nifi.StdErr WARNING: Use --illegal-access=warn to enable warnings of further illegal reflective access operations
2024-06-07 01:47:28,181 ERROR [NiFi logging handler] org.apache.nifi.StdErr WARNING: All illegal access operations will be denied in a future release
2024-06-07 01:49:07,561 INFO [main] o.a.n.b.NotificationServiceManager Successfully loaded the following 0 services: []
2024-06-07 01:49:07,565 INFO [main] org.apache.nifi.bootstrap.RunNiFi Registered no Notification Services for Notification Type NIFI_STARTED
2024-06-07 01:49:07,565 INFO [main] org.apache.nifi.bootstrap.RunNiFi Registered no Notification Services for Notification Type NIFI_STOPPED
2024-06-07 01:49:07,565 INFO [main] org.apache.nifi.bootstrap.RunNiFi Registered no Notification Services for Notification Type NIFI_DIED
2024-06-07 01:49:07,603 INFO [main] org.apache.nifi.bootstrap.RunNiFi Runtime Java version: 11.0.23
2024-06-07 01:49:07,832 INFO [main] org.apache.nifi.bootstrap.RunNiFi {javaVersion=11.0.23, availableProcessors=8, maxOpenFileDescriptors=1048576, totalPhysicalMemoryMB=19736, minimumHeapSize=1g, maximumHeapSize=1g}
2024-06-07 01:49:07,877 INFO [main] org.apache.nifi.bootstrap.Command Starting Apache NiFi...
2024-06-07 01:49:07,879 INFO [main] org.apache.nifi.bootstrap.Command Working Directory: /opt/nifi/nifi-current
2024-06-07 01:49:07,880 INFO [main] org.apache.nifi.bootstrap.Command Command: /opt/java/openjdk/bin/java -classpath /opt/nifi/nifi-current/./conf:/opt/nifi/nifi-current/./lib/nifi-server-api-1.26.0.jar:/opt/nifi/nifi-current/./lib/nifi-properties-1.26.0.jar:/opt/nifi/nifi-current/./lib/nifi-stateless-bootstrap-1.26.0.jar:/opt/nifi/nifi-current/./lib/nifi-runtime-1.26.0.jar:/opt/nifi/nifi-current/./lib/nifi-stateless-api-1.26.0.jar:/opt/nifi/nifi-current/./lib/jul-to-slf4j-2.0.12.jar:/opt/nifi/nifi-current/./lib/jcl-over-slf4j-2.0.12.jar:/opt/nifi/nifi-current/./lib/logback-core-1.3.14.jar:/opt/nifi/nifi-current/./lib/nifi-api-1.26.0.jar:/opt/nifi/nifi-current/./lib/nifi-property-utils-1.26.0.jar:/opt/nifi/nifi-current/./lib/byte-buddy-1.12.19.jar:/opt/nifi/nifi-current/./lib/logback-classic-1.3.14.jar:/opt/nifi/nifi-current/./lib/nifi-framework-api-1.26.0.jar:/opt/nifi/nifi-current/./lib/log4j-over-slf4j-2.0.12.jar:/opt/nifi/nifi-current/./lib/jetty-schemas-5.2.jar:/opt/nifi/nifi-current/./lib/javax.servlet-api-3.1.0.jar:/opt/nifi/nifi-current/./lib/nifi-nar-utils-1.26.0.jar:/opt/nifi/nifi-current/./lib/nifi-per-process-group-logging-1.26.0.jar:/opt/nifi/nifi-current/./lib/slf4j-api-2.0.12.jar:/opt/nifi/nifi-current/./lib/java11/jakarta.activation-api-1.2.2.jar:/opt/nifi/nifi-current/./lib/java11/jakarta.xml.bind-api-2.3.3.jar:/opt/nifi/nifi-current/./lib/java11/jakarta.activation-1.2.2.jar:/opt/nifi/nifi-current/./lib/java11/istack-commons-runtime-3.0.12.jar:/opt/nifi/nifi-current/./lib/java11/jaxb-runtime-2.3.9.jar:/opt/nifi/nifi-current/./lib/java11/txw2-2.3.9.jar:/opt/nifi/nifi-current/./lib/java11/javax.annotation-api-1.3.2.jar -Dorg.apache.jasper.compiler.disablejsr199=true -Xmx1g -Xms1g -Dcurator-log-only-first-connection-issue-as-error-level=true -Djavax.security.auth.useSubjectCredsOnly=true -Djava.security.egd=file:/dev/urandom -Dzookeeper.admin.enableServer=false -Dsun.net.http.allowRestrictedHeaders=true -Djava.net.preferIPv4Stack=true -Djava.awt.headless=true -Djava.protocol.handler.pkgs=sun.net.www.protocol -Dnifi.properties.file.path=/opt/nifi/nifi-current/./conf/nifi.properties -Dnifi.bootstrap.listen.port=33211 -Dapp=NiFi -Dorg.apache.nifi.bootstrap.config.log.dir=/opt/nifi/nifi-current/logs org.apache.nifi.NiFi 
2024-06-07 01:49:07,974 INFO [main] org.apache.nifi.bootstrap.Command Launched Apache NiFi with Process ID 90
2024-06-07 01:49:09,073 INFO [NiFi Bootstrap Command Listener] org.apache.nifi.bootstrap.RunNiFi Apache NiFi now running and listening for Bootstrap requests on port 34359
2024-06-07 01:49:21,009 ERROR [NiFi logging handler] org.apache.nifi.StdErr Warning: Nashorn engine is planned to be removed from a future JDK release
2024-06-07 01:49:22,924 ERROR [NiFi logging handler] org.apache.nifi.StdErr Warning: Nashorn engine is planned to be removed from a future JDK release
2024-06-07 01:49:22,934 ERROR [NiFi logging handler] org.apache.nifi.StdErr Warning: Nashorn engine is planned to be removed from a future JDK release
2024-06-07 01:49:22,952 ERROR [NiFi logging handler] org.apache.nifi.StdErr Warning: Nashorn engine is planned to be removed from a future JDK release
2024-06-07 01:49:22,960 ERROR [NiFi logging handler] org.apache.nifi.StdErr Warning: Nashorn engine is planned to be removed from a future JDK release
2024-06-07 01:49:22,978 ERROR [NiFi logging handler] org.apache.nifi.StdErr Warning: Nashorn engine is planned to be removed from a future JDK release
2024-06-07 01:49:23,130 ERROR [NiFi logging handler] org.apache.nifi.StdErr Warning: Nashorn engine is planned to be removed from a future JDK release
2024-06-07 01:49:23,139 ERROR [NiFi logging handler] org.apache.nifi.StdErr Warning: Nashorn engine is planned to be removed from a future JDK release
2024-06-07 01:49:23,337 ERROR [NiFi logging handler] org.apache.nifi.StdErr Warning: Nashorn engine is planned to be removed from a future JDK release
2024-06-07 01:49:27,025 ERROR [NiFi logging handler] org.apache.nifi.StdErr WARNING: An illegal reflective access operation has occurred
2024-06-07 01:49:27,026 ERROR [NiFi logging handler] org.apache.nifi.StdErr WARNING: Illegal reflective access by jetbrains.exodus.io.FileDataWriter$Companion$setUninterruptibleMethod$1 (file:/opt/nifi/nifi-current/./work/nar/framework/nifi-framework-nar-1.26.0.nar-unpacked/NAR-INF/bundled-dependencies/xodus-environment-2.0.1.jar) to method sun.nio.ch.FileChannelImpl.setUninterruptible()
2024-06-07 01:49:27,026 ERROR [NiFi logging handler] org.apache.nifi.StdErr WARNING: Please consider reporting this to the maintainers of jetbrains.exodus.io.FileDataWriter$Companion$setUninterruptibleMethod$1
2024-06-07 01:49:27,026 ERROR [NiFi logging handler] org.apache.nifi.StdErr WARNING: Use --illegal-access=warn to enable warnings of further illegal reflective access operations
2024-06-07 01:49:27,026 ERROR [NiFi logging handler] org.apache.nifi.StdErr WARNING: All illegal access operations will be denied in a future release
2024-06-07 01:52:46,585 INFO [main] o.a.n.b.NotificationServiceManager Successfully loaded the following 0 services: []
2024-06-07 01:52:46,599 INFO [main] org.apache.nifi.bootstrap.RunNiFi Registered no Notification Services for Notification Type NIFI_STARTED
2024-06-07 01:52:46,599 INFO [main] org.apache.nifi.bootstrap.RunNiFi Registered no Notification Services for Notification Type NIFI_STOPPED
2024-06-07 01:52:46,599 INFO [main] org.apache.nifi.bootstrap.RunNiFi Registered no Notification Services for Notification Type NIFI_DIED
2024-06-07 01:52:46,639 INFO [main] org.apache.nifi.bootstrap.RunNiFi Runtime Java version: 11.0.23
2024-06-07 01:52:46,816 INFO [main] org.apache.nifi.bootstrap.RunNiFi {javaVersion=11.0.23, availableProcessors=8, maxOpenFileDescriptors=1048576, totalPhysicalMemoryMB=19736, minimumHeapSize=1g, maximumHeapSize=1g}
2024-06-07 01:52:46,831 INFO [main] org.apache.nifi.bootstrap.Command Starting Apache NiFi...
2024-06-07 01:52:46,831 INFO [main] org.apache.nifi.bootstrap.Command Working Directory: /opt/nifi/nifi-current
2024-06-07 01:52:46,831 INFO [main] org.apache.nifi.bootstrap.Command Command: /opt/java/openjdk/bin/java -classpath /opt/nifi/nifi-current/./conf:/opt/nifi/nifi-current/./lib/nifi-server-api-1.26.0.jar:/opt/nifi/nifi-current/./lib/nifi-properties-1.26.0.jar:/opt/nifi/nifi-current/./lib/nifi-stateless-bootstrap-1.26.0.jar:/opt/nifi/nifi-current/./lib/nifi-runtime-1.26.0.jar:/opt/nifi/nifi-current/./lib/nifi-stateless-api-1.26.0.jar:/opt/nifi/nifi-current/./lib/jul-to-slf4j-2.0.12.jar:/opt/nifi/nifi-current/./lib/jcl-over-slf4j-2.0.12.jar:/opt/nifi/nifi-current/./lib/logback-core-1.3.14.jar:/opt/nifi/nifi-current/./lib/nifi-api-1.26.0.jar:/opt/nifi/nifi-current/./lib/nifi-property-utils-1.26.0.jar:/opt/nifi/nifi-current/./lib/byte-buddy-1.12.19.jar:/opt/nifi/nifi-current/./lib/logback-classic-1.3.14.jar:/opt/nifi/nifi-current/./lib/nifi-framework-api-1.26.0.jar:/opt/nifi/nifi-current/./lib/log4j-over-slf4j-2.0.12.jar:/opt/nifi/nifi-current/./lib/jetty-schemas-5.2.jar:/opt/nifi/nifi-current/./lib/javax.servlet-api-3.1.0.jar:/opt/nifi/nifi-current/./lib/nifi-nar-utils-1.26.0.jar:/opt/nifi/nifi-current/./lib/nifi-per-process-group-logging-1.26.0.jar:/opt/nifi/nifi-current/./lib/slf4j-api-2.0.12.jar:/opt/nifi/nifi-current/./lib/java11/jakarta.activation-api-1.2.2.jar:/opt/nifi/nifi-current/./lib/java11/jakarta.xml.bind-api-2.3.3.jar:/opt/nifi/nifi-current/./lib/java11/jakarta.activation-1.2.2.jar:/opt/nifi/nifi-current/./lib/java11/istack-commons-runtime-3.0.12.jar:/opt/nifi/nifi-current/./lib/java11/jaxb-runtime-2.3.9.jar:/opt/nifi/nifi-current/./lib/java11/txw2-2.3.9.jar:/opt/nifi/nifi-current/./lib/java11/javax.annotation-api-1.3.2.jar -Dorg.apache.jasper.compiler.disablejsr199=true -Xmx1g -Xms1g -Dcurator-log-only-first-connection-issue-as-error-level=true -Djavax.security.auth.useSubjectCredsOnly=true -Djava.security.egd=file:/dev/urandom -Dzookeeper.admin.enableServer=false -Dsun.net.http.allowRestrictedHeaders=true -Djava.net.preferIPv4Stack=true -Djava.awt.headless=true -Djava.protocol.handler.pkgs=sun.net.www.protocol -Dnifi.properties.file.path=/opt/nifi/nifi-current/./conf/nifi.properties -Dnifi.bootstrap.listen.port=40267 -Dapp=NiFi -Dorg.apache.nifi.bootstrap.config.log.dir=/opt/nifi/nifi-current/logs org.apache.nifi.NiFi 
2024-06-07 01:52:46,887 INFO [main] org.apache.nifi.bootstrap.Command Launched Apache NiFi with Process ID 89
2024-06-07 01:52:47,860 INFO [NiFi Bootstrap Command Listener] org.apache.nifi.bootstrap.RunNiFi Apache NiFi now running and listening for Bootstrap requests on port 44541
2024-06-07 01:53:00,585 ERROR [NiFi logging handler] org.apache.nifi.StdErr Warning: Nashorn engine is planned to be removed from a future JDK release
2024-06-07 01:53:02,802 ERROR [NiFi logging handler] org.apache.nifi.StdErr Warning: Nashorn engine is planned to be removed from a future JDK release
2024-06-07 01:53:02,812 ERROR [NiFi logging handler] org.apache.nifi.StdErr Warning: Nashorn engine is planned to be removed from a future JDK release
2024-06-07 01:53:02,827 ERROR [NiFi logging handler] org.apache.nifi.StdErr Warning: Nashorn engine is planned to be removed from a future JDK release
2024-06-07 01:53:02,836 ERROR [NiFi logging handler] org.apache.nifi.StdErr Warning: Nashorn engine is planned to be removed from a future JDK release
2024-06-07 01:53:02,854 ERROR [NiFi logging handler] org.apache.nifi.StdErr Warning: Nashorn engine is planned to be removed from a future JDK release
2024-06-07 01:53:03,018 ERROR [NiFi logging handler] org.apache.nifi.StdErr Warning: Nashorn engine is planned to be removed from a future JDK release
2024-06-07 01:53:03,028 ERROR [NiFi logging handler] org.apache.nifi.StdErr Warning: Nashorn engine is planned to be removed from a future JDK release
2024-06-07 01:53:03,290 ERROR [NiFi logging handler] org.apache.nifi.StdErr Warning: Nashorn engine is planned to be removed from a future JDK release
2024-06-07 01:53:08,048 ERROR [NiFi logging handler] org.apache.nifi.StdErr WARNING: An illegal reflective access operation has occurred
2024-06-07 01:53:08,049 ERROR [NiFi logging handler] org.apache.nifi.StdErr WARNING: Illegal reflective access by jetbrains.exodus.io.FileDataWriter$Companion$setUninterruptibleMethod$1 (file:/opt/nifi/nifi-current/./work/nar/framework/nifi-framework-nar-1.26.0.nar-unpacked/NAR-INF/bundled-dependencies/xodus-environment-2.0.1.jar) to method sun.nio.ch.FileChannelImpl.setUninterruptible()
2024-06-07 01:53:08,049 ERROR [NiFi logging handler] org.apache.nifi.StdErr WARNING: Please consider reporting this to the maintainers of jetbrains.exodus.io.FileDataWriter$Companion$setUninterruptibleMethod$1
2024-06-07 01:53:08,049 ERROR [NiFi logging handler] org.apache.nifi.StdErr WARNING: Use --illegal-access=warn to enable warnings of further illegal reflective access operations
2024-06-07 01:53:08,049 ERROR [NiFi logging handler] org.apache.nifi.StdErr WARNING: All illegal access operations will be denied in a future release
2024-06-07 01:57:06,224 INFO [main] o.a.n.b.NotificationServiceManager Successfully loaded the following 0 services: []
2024-06-07 01:57:06,233 INFO [main] org.apache.nifi.bootstrap.RunNiFi Registered no Notification Services for Notification Type NIFI_STARTED
2024-06-07 01:57:06,233 INFO [main] org.apache.nifi.bootstrap.RunNiFi Registered no Notification Services for Notification Type NIFI_STOPPED
2024-06-07 01:57:06,233 INFO [main] org.apache.nifi.bootstrap.RunNiFi Registered no Notification Services for Notification Type NIFI_DIED
2024-06-07 01:57:06,259 INFO [main] org.apache.nifi.bootstrap.RunNiFi Runtime Java version: 11.0.23
2024-06-07 01:57:06,414 INFO [main] org.apache.nifi.bootstrap.RunNiFi {javaVersion=11.0.23, availableProcessors=8, maxOpenFileDescriptors=1048576, totalPhysicalMemoryMB=19736, minimumHeapSize=1g, maximumHeapSize=1g}
2024-06-07 01:57:06,426 INFO [main] org.apache.nifi.bootstrap.Command Starting Apache NiFi...
2024-06-07 01:57:06,427 INFO [main] org.apache.nifi.bootstrap.Command Working Directory: /opt/nifi/nifi-current
2024-06-07 01:57:06,427 INFO [main] org.apache.nifi.bootstrap.Command Command: /opt/java/openjdk/bin/java -classpath /opt/nifi/nifi-current/./conf:/opt/nifi/nifi-current/./lib/nifi-server-api-1.26.0.jar:/opt/nifi/nifi-current/./lib/nifi-properties-1.26.0.jar:/opt/nifi/nifi-current/./lib/nifi-stateless-bootstrap-1.26.0.jar:/opt/nifi/nifi-current/./lib/nifi-runtime-1.26.0.jar:/opt/nifi/nifi-current/./lib/nifi-stateless-api-1.26.0.jar:/opt/nifi/nifi-current/./lib/jul-to-slf4j-2.0.12.jar:/opt/nifi/nifi-current/./lib/jcl-over-slf4j-2.0.12.jar:/opt/nifi/nifi-current/./lib/logback-core-1.3.14.jar:/opt/nifi/nifi-current/./lib/nifi-api-1.26.0.jar:/opt/nifi/nifi-current/./lib/nifi-property-utils-1.26.0.jar:/opt/nifi/nifi-current/./lib/byte-buddy-1.12.19.jar:/opt/nifi/nifi-current/./lib/logback-classic-1.3.14.jar:/opt/nifi/nifi-current/./lib/nifi-framework-api-1.26.0.jar:/opt/nifi/nifi-current/./lib/log4j-over-slf4j-2.0.12.jar:/opt/nifi/nifi-current/./lib/jetty-schemas-5.2.jar:/opt/nifi/nifi-current/./lib/javax.servlet-api-3.1.0.jar:/opt/nifi/nifi-current/./lib/nifi-nar-utils-1.26.0.jar:/opt/nifi/nifi-current/./lib/nifi-per-process-group-logging-1.26.0.jar:/opt/nifi/nifi-current/./lib/slf4j-api-2.0.12.jar:/opt/nifi/nifi-current/./lib/java11/jakarta.activation-api-1.2.2.jar:/opt/nifi/nifi-current/./lib/java11/jakarta.xml.bind-api-2.3.3.jar:/opt/nifi/nifi-current/./lib/java11/jakarta.activation-1.2.2.jar:/opt/nifi/nifi-current/./lib/java11/istack-commons-runtime-3.0.12.jar:/opt/nifi/nifi-current/./lib/java11/jaxb-runtime-2.3.9.jar:/opt/nifi/nifi-current/./lib/java11/txw2-2.3.9.jar:/opt/nifi/nifi-current/./lib/java11/javax.annotation-api-1.3.2.jar -Dorg.apache.jasper.compiler.disablejsr199=true -Xmx1g -Xms1g -Dcurator-log-only-first-connection-issue-as-error-level=true -Djavax.security.auth.useSubjectCredsOnly=true -Djava.security.egd=file:/dev/urandom -Dzookeeper.admin.enableServer=false -Dsun.net.http.allowRestrictedHeaders=true -Djava.net.preferIPv4Stack=true -Djava.awt.headless=true -Djava.protocol.handler.pkgs=sun.net.www.protocol -Dnifi.properties.file.path=/opt/nifi/nifi-current/./conf/nifi.properties -Dnifi.bootstrap.listen.port=40545 -Dapp=NiFi -Dorg.apache.nifi.bootstrap.config.log.dir=/opt/nifi/nifi-current/logs org.apache.nifi.NiFi 
2024-06-07 01:57:06,499 INFO [main] org.apache.nifi.bootstrap.Command Launched Apache NiFi with Process ID 88
2024-06-07 01:57:07,409 INFO [NiFi Bootstrap Command Listener] org.apache.nifi.bootstrap.RunNiFi Apache NiFi now running and listening for Bootstrap requests on port 42893
2024-06-07 01:57:21,284 ERROR [NiFi logging handler] org.apache.nifi.StdErr Warning: Nashorn engine is planned to be removed from a future JDK release
2024-06-07 01:57:22,801 ERROR [NiFi logging handler] org.apache.nifi.StdErr Warning: Nashorn engine is planned to be removed from a future JDK release
2024-06-07 01:57:22,807 ERROR [NiFi logging handler] org.apache.nifi.StdErr Warning: Nashorn engine is planned to be removed from a future JDK release
2024-06-07 01:57:22,817 ERROR [NiFi logging handler] org.apache.nifi.StdErr Warning: Nashorn engine is planned to be removed from a future JDK release
2024-06-07 01:57:22,823 ERROR [NiFi logging handler] org.apache.nifi.StdErr Warning: Nashorn engine is planned to be removed from a future JDK release
2024-06-07 01:57:22,831 ERROR [NiFi logging handler] org.apache.nifi.StdErr Warning: Nashorn engine is planned to be removed from a future JDK release
2024-06-07 01:57:22,948 ERROR [NiFi logging handler] org.apache.nifi.StdErr Warning: Nashorn engine is planned to be removed from a future JDK release
2024-06-07 01:57:22,955 ERROR [NiFi logging handler] org.apache.nifi.StdErr Warning: Nashorn engine is planned to be removed from a future JDK release
2024-06-07 01:57:23,136 ERROR [NiFi logging handler] org.apache.nifi.StdErr Warning: Nashorn engine is planned to be removed from a future JDK release
2024-06-07 01:57:26,512 ERROR [NiFi logging handler] org.apache.nifi.StdErr WARNING: An illegal reflective access operation has occurred
2024-06-07 01:57:26,512 ERROR [NiFi logging handler] org.apache.nifi.StdErr WARNING: Illegal reflective access by jetbrains.exodus.io.FileDataWriter$Companion$setUninterruptibleMethod$1 (file:/opt/nifi/nifi-current/./work/nar/framework/nifi-framework-nar-1.26.0.nar-unpacked/NAR-INF/bundled-dependencies/xodus-environment-2.0.1.jar) to method sun.nio.ch.FileChannelImpl.setUninterruptible()
2024-06-07 01:57:26,512 ERROR [NiFi logging handler] org.apache.nifi.StdErr WARNING: Please consider reporting this to the maintainers of jetbrains.exodus.io.FileDataWriter$Companion$setUninterruptibleMethod$1
2024-06-07 01:57:26,512 ERROR [NiFi logging handler] org.apache.nifi.StdErr WARNING: Use --illegal-access=warn to enable warnings of further illegal reflective access operations
2024-06-07 01:57:26,512 ERROR [NiFi logging handler] org.apache.nifi.StdErr WARNING: All illegal access operations will be denied in a future release
2024-06-07 01:59:29,100 INFO [main] o.a.n.b.NotificationServiceManager Successfully loaded the following 0 services: []
2024-06-07 01:59:29,102 INFO [main] org.apache.nifi.bootstrap.RunNiFi Registered no Notification Services for Notification Type NIFI_STARTED
2024-06-07 01:59:29,102 INFO [main] org.apache.nifi.bootstrap.RunNiFi Registered no Notification Services for Notification Type NIFI_STOPPED
2024-06-07 01:59:29,102 INFO [main] org.apache.nifi.bootstrap.RunNiFi Registered no Notification Services for Notification Type NIFI_DIED
2024-06-07 01:59:29,119 INFO [main] org.apache.nifi.bootstrap.Command Apache NiFi has accepted the Shutdown Command and is shutting down now
2024-06-07 01:59:29,166 INFO [main] org.apache.nifi.bootstrap.Command NiFi PID [88] shutdown in progress...
2024-06-07 01:59:31,168 INFO [main] org.apache.nifi.bootstrap.Command NiFi PID [88] shutdown in progress...
2024-06-07 01:59:31,526 INFO [main] org.apache.nifi.bootstrap.RunNiFi A shutdown was initiated. Will not restart NiFi
2024-06-07 01:59:33,171 INFO [main] org.apache.nifi.bootstrap.Command NiFi PID [88] shutdown completed
2024-06-07 01:59:51,670 INFO [main] o.a.n.b.NotificationServiceManager Successfully loaded the following 0 services: []
2024-06-07 01:59:51,673 INFO [main] org.apache.nifi.bootstrap.RunNiFi Registered no Notification Services for Notification Type NIFI_STARTED
2024-06-07 01:59:51,673 INFO [main] org.apache.nifi.bootstrap.RunNiFi Registered no Notification Services for Notification Type NIFI_STOPPED
2024-06-07 01:59:51,673 INFO [main] org.apache.nifi.bootstrap.RunNiFi Registered no Notification Services for Notification Type NIFI_DIED
2024-06-07 01:59:51,717 INFO [main] org.apache.nifi.bootstrap.RunNiFi Runtime Java version: 11.0.23
2024-06-07 01:59:51,941 INFO [main] org.apache.nifi.bootstrap.RunNiFi {javaVersion=11.0.23, availableProcessors=8, maxOpenFileDescriptors=1048576, totalPhysicalMemoryMB=19736, minimumHeapSize=1g, maximumHeapSize=1g}
2024-06-07 01:59:51,977 INFO [main] org.apache.nifi.bootstrap.Command Starting Apache NiFi...
2024-06-07 01:59:51,981 INFO [main] org.apache.nifi.bootstrap.Command Working Directory: /opt/nifi/nifi-current
2024-06-07 01:59:51,982 INFO [main] org.apache.nifi.bootstrap.Command Command: /opt/java/openjdk/bin/java -classpath /opt/nifi/nifi-current/./conf:/opt/nifi/nifi-current/./lib/nifi-server-api-1.26.0.jar:/opt/nifi/nifi-current/./lib/nifi-properties-1.26.0.jar:/opt/nifi/nifi-current/./lib/nifi-stateless-bootstrap-1.26.0.jar:/opt/nifi/nifi-current/./lib/nifi-runtime-1.26.0.jar:/opt/nifi/nifi-current/./lib/nifi-stateless-api-1.26.0.jar:/opt/nifi/nifi-current/./lib/jul-to-slf4j-2.0.12.jar:/opt/nifi/nifi-current/./lib/jcl-over-slf4j-2.0.12.jar:/opt/nifi/nifi-current/./lib/logback-core-1.3.14.jar:/opt/nifi/nifi-current/./lib/nifi-api-1.26.0.jar:/opt/nifi/nifi-current/./lib/nifi-property-utils-1.26.0.jar:/opt/nifi/nifi-current/./lib/byte-buddy-1.12.19.jar:/opt/nifi/nifi-current/./lib/logback-classic-1.3.14.jar:/opt/nifi/nifi-current/./lib/nifi-framework-api-1.26.0.jar:/opt/nifi/nifi-current/./lib/log4j-over-slf4j-2.0.12.jar:/opt/nifi/nifi-current/./lib/jetty-schemas-5.2.jar:/opt/nifi/nifi-current/./lib/javax.servlet-api-3.1.0.jar:/opt/nifi/nifi-current/./lib/nifi-nar-utils-1.26.0.jar:/opt/nifi/nifi-current/./lib/nifi-per-process-group-logging-1.26.0.jar:/opt/nifi/nifi-current/./lib/slf4j-api-2.0.12.jar:/opt/nifi/nifi-current/./lib/java11/jakarta.activation-api-1.2.2.jar:/opt/nifi/nifi-current/./lib/java11/jakarta.xml.bind-api-2.3.3.jar:/opt/nifi/nifi-current/./lib/java11/jakarta.activation-1.2.2.jar:/opt/nifi/nifi-current/./lib/java11/istack-commons-runtime-3.0.12.jar:/opt/nifi/nifi-current/./lib/java11/jaxb-runtime-2.3.9.jar:/opt/nifi/nifi-current/./lib/java11/txw2-2.3.9.jar:/opt/nifi/nifi-current/./lib/java11/javax.annotation-api-1.3.2.jar -Dorg.apache.jasper.compiler.disablejsr199=true -Xmx1g -Xms1g -Dcurator-log-only-first-connection-issue-as-error-level=true -Djavax.security.auth.useSubjectCredsOnly=true -Djava.security.egd=file:/dev/urandom -Dzookeeper.admin.enableServer=false -Dsun.net.http.allowRestrictedHeaders=true -Djava.net.preferIPv4Stack=true -Djava.awt.headless=true -Djava.protocol.handler.pkgs=sun.net.www.protocol -Dnifi.properties.file.path=/opt/nifi/nifi-current/./conf/nifi.properties -Dnifi.bootstrap.listen.port=34889 -Dapp=NiFi -Dorg.apache.nifi.bootstrap.config.log.dir=/opt/nifi/nifi-current/logs org.apache.nifi.NiFi 
2024-06-07 01:59:52,080 INFO [main] org.apache.nifi.bootstrap.Command Launched Apache NiFi with Process ID 88
2024-06-07 01:59:53,303 INFO [NiFi Bootstrap Command Listener] org.apache.nifi.bootstrap.RunNiFi Apache NiFi now running and listening for Bootstrap requests on port 40701
2024-06-07 02:00:05,508 ERROR [NiFi logging handler] org.apache.nifi.StdErr Warning: Nashorn engine is planned to be removed from a future JDK release
2024-06-07 02:00:07,063 ERROR [NiFi logging handler] org.apache.nifi.StdErr Warning: Nashorn engine is planned to be removed from a future JDK release
2024-06-07 02:00:07,075 ERROR [NiFi logging handler] org.apache.nifi.StdErr Warning: Nashorn engine is planned to be removed from a future JDK release
2024-06-07 02:00:07,112 ERROR [NiFi logging handler] org.apache.nifi.StdErr Warning: Nashorn engine is planned to be removed from a future JDK release
2024-06-07 02:00:07,198 ERROR [NiFi logging handler] org.apache.nifi.StdErr Warning: Nashorn engine is planned to be removed from a future JDK release
2024-06-07 02:00:07,218 ERROR [NiFi logging handler] org.apache.nifi.StdErr Warning: Nashorn engine is planned to be removed from a future JDK release
2024-06-07 02:00:07,225 ERROR [NiFi logging handler] org.apache.nifi.StdErr Warning: Nashorn engine is planned to be removed from a future JDK release
2024-06-07 02:00:07,236 ERROR [NiFi logging handler] org.apache.nifi.StdErr Warning: Nashorn engine is planned to be removed from a future JDK release
2024-06-07 02:00:07,246 ERROR [NiFi logging handler] org.apache.nifi.StdErr Warning: Nashorn engine is planned to be removed from a future JDK release
2024-06-07 02:00:10,747 ERROR [NiFi logging handler] org.apache.nifi.StdErr WARNING: An illegal reflective access operation has occurred
2024-06-07 02:00:10,747 ERROR [NiFi logging handler] org.apache.nifi.StdErr WARNING: Illegal reflective access by jetbrains.exodus.io.FileDataWriter$Companion$setUninterruptibleMethod$1 (file:/opt/nifi/nifi-current/./work/nar/framework/nifi-framework-nar-1.26.0.nar-unpacked/NAR-INF/bundled-dependencies/xodus-environment-2.0.1.jar) to method sun.nio.ch.FileChannelImpl.setUninterruptible()
2024-06-07 02:00:10,748 ERROR [NiFi logging handler] org.apache.nifi.StdErr WARNING: Please consider reporting this to the maintainers of jetbrains.exodus.io.FileDataWriter$Companion$setUninterruptibleMethod$1
2024-06-07 02:00:10,748 ERROR [NiFi logging handler] org.apache.nifi.StdErr WARNING: Use --illegal-access=warn to enable warnings of further illegal reflective access operations
2024-06-07 02:00:10,748 ERROR [NiFi logging handler] org.apache.nifi.StdErr WARNING: All illegal access operations will be denied in a future release
2024-06-07 02:05:20,609 INFO [main] o.a.n.b.NotificationServiceManager Successfully loaded the following 0 services: []
2024-06-07 02:05:20,611 INFO [main] org.apache.nifi.bootstrap.RunNiFi Registered no Notification Services for Notification Type NIFI_STARTED
2024-06-07 02:05:20,611 INFO [main] org.apache.nifi.bootstrap.RunNiFi Registered no Notification Services for Notification Type NIFI_STOPPED
2024-06-07 02:05:20,611 INFO [main] org.apache.nifi.bootstrap.RunNiFi Registered no Notification Services for Notification Type NIFI_DIED
2024-06-07 02:05:20,683 INFO [main] org.apache.nifi.bootstrap.Command Apache NiFi has accepted the Shutdown Command and is shutting down now
2024-06-07 02:05:20,717 INFO [main] org.apache.nifi.bootstrap.Command NiFi PID [88] shutdown in progress...
2024-06-07 02:05:22,719 INFO [main] org.apache.nifi.bootstrap.Command NiFi PID [88] shutdown completed
2024-06-07 02:05:23,143 INFO [main] org.apache.nifi.bootstrap.RunNiFi Status File no longer exists. Will not restart NiFi
2024-06-07 02:21:58,705 INFO [main] o.a.n.b.NotificationServiceManager Successfully loaded the following 0 services: []
2024-06-07 02:21:58,711 INFO [main] org.apache.nifi.bootstrap.RunNiFi Registered no Notification Services for Notification Type NIFI_STARTED
2024-06-07 02:21:58,711 INFO [main] org.apache.nifi.bootstrap.RunNiFi Registered no Notification Services for Notification Type NIFI_STOPPED
2024-06-07 02:21:58,711 INFO [main] org.apache.nifi.bootstrap.RunNiFi Registered no Notification Services for Notification Type NIFI_DIED
2024-06-07 02:21:58,737 INFO [main] org.apache.nifi.bootstrap.RunNiFi Runtime Java version: 11.0.23
2024-06-07 02:21:58,933 INFO [main] org.apache.nifi.bootstrap.RunNiFi {javaVersion=11.0.23, availableProcessors=8, maxOpenFileDescriptors=1048576, totalPhysicalMemoryMB=19736, minimumHeapSize=1g, maximumHeapSize=1g}
2024-06-07 02:21:58,968 INFO [main] org.apache.nifi.bootstrap.Command Starting Apache NiFi...
2024-06-07 02:21:58,969 INFO [main] org.apache.nifi.bootstrap.Command Working Directory: /opt/nifi/nifi-current
2024-06-07 02:21:58,970 INFO [main] org.apache.nifi.bootstrap.Command Command: /opt/java/openjdk/bin/java -classpath /opt/nifi/nifi-current/./conf:/opt/nifi/nifi-current/./lib/nifi-server-api-1.26.0.jar:/opt/nifi/nifi-current/./lib/nifi-properties-1.26.0.jar:/opt/nifi/nifi-current/./lib/nifi-stateless-bootstrap-1.26.0.jar:/opt/nifi/nifi-current/./lib/nifi-runtime-1.26.0.jar:/opt/nifi/nifi-current/./lib/nifi-stateless-api-1.26.0.jar:/opt/nifi/nifi-current/./lib/jul-to-slf4j-2.0.12.jar:/opt/nifi/nifi-current/./lib/jcl-over-slf4j-2.0.12.jar:/opt/nifi/nifi-current/./lib/logback-core-1.3.14.jar:/opt/nifi/nifi-current/./lib/nifi-api-1.26.0.jar:/opt/nifi/nifi-current/./lib/nifi-property-utils-1.26.0.jar:/opt/nifi/nifi-current/./lib/byte-buddy-1.12.19.jar:/opt/nifi/nifi-current/./lib/logback-classic-1.3.14.jar:/opt/nifi/nifi-current/./lib/nifi-framework-api-1.26.0.jar:/opt/nifi/nifi-current/./lib/log4j-over-slf4j-2.0.12.jar:/opt/nifi/nifi-current/./lib/jetty-schemas-5.2.jar:/opt/nifi/nifi-current/./lib/javax.servlet-api-3.1.0.jar:/opt/nifi/nifi-current/./lib/nifi-nar-utils-1.26.0.jar:/opt/nifi/nifi-current/./lib/nifi-per-process-group-logging-1.26.0.jar:/opt/nifi/nifi-current/./lib/slf4j-api-2.0.12.jar:/opt/nifi/nifi-current/./lib/java11/jakarta.activation-api-1.2.2.jar:/opt/nifi/nifi-current/./lib/java11/jakarta.xml.bind-api-2.3.3.jar:/opt/nifi/nifi-current/./lib/java11/jakarta.activation-1.2.2.jar:/opt/nifi/nifi-current/./lib/java11/istack-commons-runtime-3.0.12.jar:/opt/nifi/nifi-current/./lib/java11/jaxb-runtime-2.3.9.jar:/opt/nifi/nifi-current/./lib/java11/txw2-2.3.9.jar:/opt/nifi/nifi-current/./lib/java11/javax.annotation-api-1.3.2.jar -Dorg.apache.jasper.compiler.disablejsr199=true -Xmx1g -Xms1g -Dcurator-log-only-first-connection-issue-as-error-level=true -Djavax.security.auth.useSubjectCredsOnly=true -Djava.security.egd=file:/dev/urandom -Dzookeeper.admin.enableServer=false -Dsun.net.http.allowRestrictedHeaders=true -Djava.net.preferIPv4Stack=true -Djava.awt.headless=true -Djava.protocol.handler.pkgs=sun.net.www.protocol -Dnifi.properties.file.path=/opt/nifi/nifi-current/./conf/nifi.properties -Dnifi.bootstrap.listen.port=44619 -Dapp=NiFi -Dorg.apache.nifi.bootstrap.config.log.dir=/opt/nifi/nifi-current/logs org.apache.nifi.NiFi 
2024-06-07 02:21:59,086 INFO [main] org.apache.nifi.bootstrap.Command Launched Apache NiFi with Process ID 89
2024-06-07 02:21:59,942 INFO [NiFi Bootstrap Command Listener] org.apache.nifi.bootstrap.RunNiFi Apache NiFi now running and listening for Bootstrap requests on port 33367
2024-06-07 02:22:11,199 ERROR [NiFi logging handler] org.apache.nifi.StdErr Warning: Nashorn engine is planned to be removed from a future JDK release
2024-06-07 02:22:12,820 ERROR [NiFi logging handler] org.apache.nifi.StdErr Warning: Nashorn engine is planned to be removed from a future JDK release
2024-06-07 02:22:12,829 ERROR [NiFi logging handler] org.apache.nifi.StdErr Warning: Nashorn engine is planned to be removed from a future JDK release
2024-06-07 02:22:12,841 ERROR [NiFi logging handler] org.apache.nifi.StdErr Warning: Nashorn engine is planned to be removed from a future JDK release
2024-06-07 02:22:12,848 ERROR [NiFi logging handler] org.apache.nifi.StdErr Warning: Nashorn engine is planned to be removed from a future JDK release
2024-06-07 02:22:12,863 ERROR [NiFi logging handler] org.apache.nifi.StdErr Warning: Nashorn engine is planned to be removed from a future JDK release
2024-06-07 02:22:13,046 ERROR [NiFi logging handler] org.apache.nifi.StdErr Warning: Nashorn engine is planned to be removed from a future JDK release
2024-06-07 02:22:13,055 ERROR [NiFi logging handler] org.apache.nifi.StdErr Warning: Nashorn engine is planned to be removed from a future JDK release
2024-06-07 02:22:13,321 ERROR [NiFi logging handler] org.apache.nifi.StdErr Warning: Nashorn engine is planned to be removed from a future JDK release
2024-06-07 02:22:17,472 ERROR [NiFi logging handler] org.apache.nifi.StdErr WARNING: An illegal reflective access operation has occurred
2024-06-07 02:22:17,472 ERROR [NiFi logging handler] org.apache.nifi.StdErr WARNING: Illegal reflective access by jetbrains.exodus.io.FileDataWriter$Companion$setUninterruptibleMethod$1 (file:/opt/nifi/nifi-current/./work/nar/framework/nifi-framework-nar-1.26.0.nar-unpacked/NAR-INF/bundled-dependencies/xodus-environment-2.0.1.jar) to method sun.nio.ch.FileChannelImpl.setUninterruptible()
2024-06-07 02:22:17,472 ERROR [NiFi logging handler] org.apache.nifi.StdErr WARNING: Please consider reporting this to the maintainers of jetbrains.exodus.io.FileDataWriter$Companion$setUninterruptibleMethod$1
2024-06-07 02:22:17,472 ERROR [NiFi logging handler] org.apache.nifi.StdErr WARNING: Use --illegal-access=warn to enable warnings of further illegal reflective access operations
2024-06-07 02:22:17,472 ERROR [NiFi logging handler] org.apache.nifi.StdErr WARNING: All illegal access operations will be denied in a future release
2024-06-07 02:39:35,562 INFO [main] o.a.n.b.NotificationServiceManager Successfully loaded the following 0 services: []
2024-06-07 02:39:35,564 INFO [main] org.apache.nifi.bootstrap.RunNiFi Registered no Notification Services for Notification Type NIFI_STARTED
2024-06-07 02:39:35,564 INFO [main] org.apache.nifi.bootstrap.RunNiFi Registered no Notification Services for Notification Type NIFI_STOPPED
2024-06-07 02:39:35,564 INFO [main] org.apache.nifi.bootstrap.RunNiFi Registered no Notification Services for Notification Type NIFI_DIED
2024-06-07 02:39:35,576 INFO [main] org.apache.nifi.bootstrap.Command Apache NiFi has accepted the Shutdown Command and is shutting down now
2024-06-07 02:39:35,619 INFO [main] org.apache.nifi.bootstrap.Command NiFi PID [89] shutdown in progress...
2024-06-07 02:39:37,624 INFO [main] org.apache.nifi.bootstrap.Command NiFi PID [89] shutdown completed
2024-06-07 02:39:38,274 INFO [main] org.apache.nifi.bootstrap.RunNiFi Status File no longer exists. Will not restart NiFi
2024-06-07 02:49:01,814 INFO [main] o.a.n.b.NotificationServiceManager Successfully loaded the following 0 services: []
2024-06-07 02:49:01,817 INFO [main] org.apache.nifi.bootstrap.RunNiFi Registered no Notification Services for Notification Type NIFI_STARTED
2024-06-07 02:49:01,817 INFO [main] org.apache.nifi.bootstrap.RunNiFi Registered no Notification Services for Notification Type NIFI_STOPPED
2024-06-07 02:49:01,818 INFO [main] org.apache.nifi.bootstrap.RunNiFi Registered no Notification Services for Notification Type NIFI_DIED
2024-06-07 02:49:01,843 INFO [main] org.apache.nifi.bootstrap.RunNiFi Runtime Java version: 11.0.23
2024-06-07 02:49:01,977 INFO [main] org.apache.nifi.bootstrap.RunNiFi {javaVersion=11.0.23, availableProcessors=8, maxOpenFileDescriptors=1048576, totalPhysicalMemoryMB=19736, minimumHeapSize=1g, maximumHeapSize=1g}
2024-06-07 02:49:01,988 INFO [main] org.apache.nifi.bootstrap.Command Starting Apache NiFi...
2024-06-07 02:49:01,989 INFO [main] org.apache.nifi.bootstrap.Command Working Directory: /opt/nifi/nifi-current
2024-06-07 02:49:01,989 INFO [main] org.apache.nifi.bootstrap.Command Command: /opt/java/openjdk/bin/java -classpath /opt/nifi/nifi-current/./conf:/opt/nifi/nifi-current/./lib/nifi-server-api-1.26.0.jar:/opt/nifi/nifi-current/./lib/nifi-properties-1.26.0.jar:/opt/nifi/nifi-current/./lib/nifi-stateless-bootstrap-1.26.0.jar:/opt/nifi/nifi-current/./lib/nifi-runtime-1.26.0.jar:/opt/nifi/nifi-current/./lib/nifi-stateless-api-1.26.0.jar:/opt/nifi/nifi-current/./lib/jul-to-slf4j-2.0.12.jar:/opt/nifi/nifi-current/./lib/jcl-over-slf4j-2.0.12.jar:/opt/nifi/nifi-current/./lib/logback-core-1.3.14.jar:/opt/nifi/nifi-current/./lib/nifi-api-1.26.0.jar:/opt/nifi/nifi-current/./lib/nifi-property-utils-1.26.0.jar:/opt/nifi/nifi-current/./lib/byte-buddy-1.12.19.jar:/opt/nifi/nifi-current/./lib/logback-classic-1.3.14.jar:/opt/nifi/nifi-current/./lib/nifi-framework-api-1.26.0.jar:/opt/nifi/nifi-current/./lib/log4j-over-slf4j-2.0.12.jar:/opt/nifi/nifi-current/./lib/jetty-schemas-5.2.jar:/opt/nifi/nifi-current/./lib/javax.servlet-api-3.1.0.jar:/opt/nifi/nifi-current/./lib/nifi-nar-utils-1.26.0.jar:/opt/nifi/nifi-current/./lib/nifi-per-process-group-logging-1.26.0.jar:/opt/nifi/nifi-current/./lib/slf4j-api-2.0.12.jar:/opt/nifi/nifi-current/./lib/java11/jakarta.activation-api-1.2.2.jar:/opt/nifi/nifi-current/./lib/java11/jakarta.xml.bind-api-2.3.3.jar:/opt/nifi/nifi-current/./lib/java11/jakarta.activation-1.2.2.jar:/opt/nifi/nifi-current/./lib/java11/istack-commons-runtime-3.0.12.jar:/opt/nifi/nifi-current/./lib/java11/jaxb-runtime-2.3.9.jar:/opt/nifi/nifi-current/./lib/java11/txw2-2.3.9.jar:/opt/nifi/nifi-current/./lib/java11/javax.annotation-api-1.3.2.jar -Dorg.apache.jasper.compiler.disablejsr199=true -Xmx1g -Xms1g -Dcurator-log-only-first-connection-issue-as-error-level=true -Djavax.security.auth.useSubjectCredsOnly=true -Djava.security.egd=file:/dev/urandom -Dzookeeper.admin.enableServer=false -Dsun.net.http.allowRestrictedHeaders=true -Djava.net.preferIPv4Stack=true -Djava.awt.headless=true -Djava.protocol.handler.pkgs=sun.net.www.protocol -Dnifi.properties.file.path=/opt/nifi/nifi-current/./conf/nifi.properties -Dnifi.bootstrap.listen.port=44755 -Dapp=NiFi -Dorg.apache.nifi.bootstrap.config.log.dir=/opt/nifi/nifi-current/logs org.apache.nifi.NiFi 
2024-06-07 02:49:02,045 INFO [main] org.apache.nifi.bootstrap.Command Launched Apache NiFi with Process ID 88
2024-06-07 02:49:02,820 INFO [NiFi Bootstrap Command Listener] org.apache.nifi.bootstrap.RunNiFi Apache NiFi now running and listening for Bootstrap requests on port 33873
2024-06-07 02:49:12,289 ERROR [NiFi logging handler] org.apache.nifi.StdErr Warning: Nashorn engine is planned to be removed from a future JDK release
2024-06-07 02:49:16,693 ERROR [NiFi logging handler] org.apache.nifi.StdErr Warning: Nashorn engine is planned to be removed from a future JDK release
2024-06-07 02:49:16,711 ERROR [NiFi logging handler] org.apache.nifi.StdErr Warning: Nashorn engine is planned to be removed from a future JDK release
2024-06-07 02:49:16,742 ERROR [NiFi logging handler] org.apache.nifi.StdErr Warning: Nashorn engine is planned to be removed from a future JDK release
2024-06-07 02:49:16,762 ERROR [NiFi logging handler] org.apache.nifi.StdErr Warning: Nashorn engine is planned to be removed from a future JDK release
2024-06-07 02:49:16,770 ERROR [NiFi logging handler] org.apache.nifi.StdErr Warning: Nashorn engine is planned to be removed from a future JDK release
2024-06-07 02:49:16,823 ERROR [NiFi logging handler] org.apache.nifi.StdErr Warning: Nashorn engine is planned to be removed from a future JDK release
2024-06-07 02:49:16,997 ERROR [NiFi logging handler] org.apache.nifi.StdErr Warning: Nashorn engine is planned to be removed from a future JDK release
2024-06-07 02:49:17,034 ERROR [NiFi logging handler] org.apache.nifi.StdErr Warning: Nashorn engine is planned to be removed from a future JDK release
2024-06-07 02:49:20,956 ERROR [NiFi logging handler] org.apache.nifi.StdErr WARNING: An illegal reflective access operation has occurred
2024-06-07 02:49:20,956 ERROR [NiFi logging handler] org.apache.nifi.StdErr WARNING: Illegal reflective access by jetbrains.exodus.io.FileDataWriter$Companion$setUninterruptibleMethod$1 (file:/opt/nifi/nifi-current/./work/nar/framework/nifi-framework-nar-1.26.0.nar-unpacked/NAR-INF/bundled-dependencies/xodus-environment-2.0.1.jar) to method sun.nio.ch.FileChannelImpl.setUninterruptible()
2024-06-07 02:49:20,956 ERROR [NiFi logging handler] org.apache.nifi.StdErr WARNING: Please consider reporting this to the maintainers of jetbrains.exodus.io.FileDataWriter$Companion$setUninterruptibleMethod$1
2024-06-07 02:49:20,956 ERROR [NiFi logging handler] org.apache.nifi.StdErr WARNING: Use --illegal-access=warn to enable warnings of further illegal reflective access operations
2024-06-07 02:49:20,956 ERROR [NiFi logging handler] org.apache.nifi.StdErr WARNING: All illegal access operations will be denied in a future release
2024-06-07 02:52:52,140 INFO [main] o.a.n.b.NotificationServiceManager Successfully loaded the following 0 services: []
2024-06-07 02:52:52,141 INFO [main] org.apache.nifi.bootstrap.RunNiFi Registered no Notification Services for Notification Type NIFI_STARTED
2024-06-07 02:52:52,141 INFO [main] org.apache.nifi.bootstrap.RunNiFi Registered no Notification Services for Notification Type NIFI_STOPPED
2024-06-07 02:52:52,141 INFO [main] org.apache.nifi.bootstrap.RunNiFi Registered no Notification Services for Notification Type NIFI_DIED
2024-06-07 02:52:52,154 INFO [main] org.apache.nifi.bootstrap.Command Apache NiFi has accepted the Shutdown Command and is shutting down now
2024-06-07 02:52:52,201 INFO [main] org.apache.nifi.bootstrap.Command NiFi PID [88] shutdown in progress...
2024-06-07 02:52:54,206 INFO [main] org.apache.nifi.bootstrap.Command NiFi PID [88] shutdown in progress...
2024-06-07 02:52:55,100 INFO [main] org.apache.nifi.bootstrap.RunNiFi A shutdown was initiated. Will not restart NiFi
2024-06-07 02:52:56,211 INFO [main] org.apache.nifi.bootstrap.Command NiFi PID [88] shutdown completed
2024-06-07 02:56:35,453 INFO [main] o.a.n.b.NotificationServiceManager Successfully loaded the following 0 services: []
2024-06-07 02:56:35,458 INFO [main] org.apache.nifi.bootstrap.RunNiFi Registered no Notification Services for Notification Type NIFI_STARTED
2024-06-07 02:56:35,458 INFO [main] org.apache.nifi.bootstrap.RunNiFi Registered no Notification Services for Notification Type NIFI_STOPPED
2024-06-07 02:56:35,458 INFO [main] org.apache.nifi.bootstrap.RunNiFi Registered no Notification Services for Notification Type NIFI_DIED
2024-06-07 02:56:35,493 INFO [main] org.apache.nifi.bootstrap.RunNiFi Runtime Java version: 11.0.23
2024-06-07 02:56:35,649 INFO [main] org.apache.nifi.bootstrap.RunNiFi {javaVersion=11.0.23, availableProcessors=8, maxOpenFileDescriptors=1048576, totalPhysicalMemoryMB=19736, minimumHeapSize=1g, maximumHeapSize=1g}
2024-06-07 02:56:35,669 INFO [main] org.apache.nifi.bootstrap.Command Starting Apache NiFi...
2024-06-07 02:56:35,670 INFO [main] org.apache.nifi.bootstrap.Command Working Directory: /opt/nifi/nifi-current
2024-06-07 02:56:35,671 INFO [main] org.apache.nifi.bootstrap.Command Command: /opt/java/openjdk/bin/java -classpath /opt/nifi/nifi-current/./conf:/opt/nifi/nifi-current/./lib/nifi-server-api-1.26.0.jar:/opt/nifi/nifi-current/./lib/nifi-properties-1.26.0.jar:/opt/nifi/nifi-current/./lib/nifi-stateless-bootstrap-1.26.0.jar:/opt/nifi/nifi-current/./lib/nifi-runtime-1.26.0.jar:/opt/nifi/nifi-current/./lib/nifi-stateless-api-1.26.0.jar:/opt/nifi/nifi-current/./lib/jul-to-slf4j-2.0.12.jar:/opt/nifi/nifi-current/./lib/jcl-over-slf4j-2.0.12.jar:/opt/nifi/nifi-current/./lib/logback-core-1.3.14.jar:/opt/nifi/nifi-current/./lib/nifi-api-1.26.0.jar:/opt/nifi/nifi-current/./lib/nifi-property-utils-1.26.0.jar:/opt/nifi/nifi-current/./lib/byte-buddy-1.12.19.jar:/opt/nifi/nifi-current/./lib/logback-classic-1.3.14.jar:/opt/nifi/nifi-current/./lib/nifi-framework-api-1.26.0.jar:/opt/nifi/nifi-current/./lib/log4j-over-slf4j-2.0.12.jar:/opt/nifi/nifi-current/./lib/jetty-schemas-5.2.jar:/opt/nifi/nifi-current/./lib/javax.servlet-api-3.1.0.jar:/opt/nifi/nifi-current/./lib/nifi-nar-utils-1.26.0.jar:/opt/nifi/nifi-current/./lib/nifi-per-process-group-logging-1.26.0.jar:/opt/nifi/nifi-current/./lib/slf4j-api-2.0.12.jar:/opt/nifi/nifi-current/./lib/java11/jakarta.activation-api-1.2.2.jar:/opt/nifi/nifi-current/./lib/java11/jakarta.xml.bind-api-2.3.3.jar:/opt/nifi/nifi-current/./lib/java11/jakarta.activation-1.2.2.jar:/opt/nifi/nifi-current/./lib/java11/istack-commons-runtime-3.0.12.jar:/opt/nifi/nifi-current/./lib/java11/jaxb-runtime-2.3.9.jar:/opt/nifi/nifi-current/./lib/java11/txw2-2.3.9.jar:/opt/nifi/nifi-current/./lib/java11/javax.annotation-api-1.3.2.jar -Dorg.apache.jasper.compiler.disablejsr199=true -Xmx1g -Xms1g -Dcurator-log-only-first-connection-issue-as-error-level=true -Djavax.security.auth.useSubjectCredsOnly=true -Djava.security.egd=file:/dev/urandom -Dzookeeper.admin.enableServer=false -Dsun.net.http.allowRestrictedHeaders=true -Djava.net.preferIPv4Stack=true -Djava.awt.headless=true -Djava.protocol.handler.pkgs=sun.net.www.protocol -Dnifi.properties.file.path=/opt/nifi/nifi-current/./conf/nifi.properties -Dnifi.bootstrap.listen.port=46689 -Dapp=NiFi -Dorg.apache.nifi.bootstrap.config.log.dir=/opt/nifi/nifi-current/logs org.apache.nifi.NiFi 
2024-06-07 02:56:35,773 INFO [main] org.apache.nifi.bootstrap.Command Launched Apache NiFi with Process ID 89
2024-06-07 02:56:36,715 INFO [NiFi Bootstrap Command Listener] org.apache.nifi.bootstrap.RunNiFi Apache NiFi now running and listening for Bootstrap requests on port 42879
2024-06-07 02:56:49,566 ERROR [NiFi logging handler] org.apache.nifi.StdErr Warning: Nashorn engine is planned to be removed from a future JDK release
2024-06-07 02:56:51,353 ERROR [NiFi logging handler] org.apache.nifi.StdErr Warning: Nashorn engine is planned to be removed from a future JDK release
2024-06-07 02:56:51,362 ERROR [NiFi logging handler] org.apache.nifi.StdErr Warning: Nashorn engine is planned to be removed from a future JDK release
2024-06-07 02:56:51,380 ERROR [NiFi logging handler] org.apache.nifi.StdErr Warning: Nashorn engine is planned to be removed from a future JDK release
2024-06-07 02:56:51,387 ERROR [NiFi logging handler] org.apache.nifi.StdErr Warning: Nashorn engine is planned to be removed from a future JDK release
2024-06-07 02:56:51,401 ERROR [NiFi logging handler] org.apache.nifi.StdErr Warning: Nashorn engine is planned to be removed from a future JDK release
2024-06-07 02:56:51,563 ERROR [NiFi logging handler] org.apache.nifi.StdErr Warning: Nashorn engine is planned to be removed from a future JDK release
2024-06-07 02:56:51,573 ERROR [NiFi logging handler] org.apache.nifi.StdErr Warning: Nashorn engine is planned to be removed from a future JDK release
2024-06-07 02:56:51,813 ERROR [NiFi logging handler] org.apache.nifi.StdErr Warning: Nashorn engine is planned to be removed from a future JDK release
2024-06-07 02:56:55,366 ERROR [NiFi logging handler] org.apache.nifi.StdErr WARNING: An illegal reflective access operation has occurred
2024-06-07 02:56:55,367 ERROR [NiFi logging handler] org.apache.nifi.StdErr WARNING: Illegal reflective access by jetbrains.exodus.io.FileDataWriter$Companion$setUninterruptibleMethod$1 (file:/opt/nifi/nifi-current/./work/nar/framework/nifi-framework-nar-1.26.0.nar-unpacked/NAR-INF/bundled-dependencies/xodus-environment-2.0.1.jar) to method sun.nio.ch.FileChannelImpl.setUninterruptible()
2024-06-07 02:56:55,367 ERROR [NiFi logging handler] org.apache.nifi.StdErr WARNING: Please consider reporting this to the maintainers of jetbrains.exodus.io.FileDataWriter$Companion$setUninterruptibleMethod$1
2024-06-07 02:56:55,367 ERROR [NiFi logging handler] org.apache.nifi.StdErr WARNING: Use --illegal-access=warn to enable warnings of further illegal reflective access operations
2024-06-07 02:56:55,367 ERROR [NiFi logging handler] org.apache.nifi.StdErr WARNING: All illegal access operations will be denied in a future release
2024-06-07 02:59:32,080 INFO [main] o.a.n.b.NotificationServiceManager Successfully loaded the following 0 services: []
2024-06-07 02:59:32,081 INFO [main] org.apache.nifi.bootstrap.RunNiFi Registered no Notification Services for Notification Type NIFI_STARTED
2024-06-07 02:59:32,081 INFO [main] org.apache.nifi.bootstrap.RunNiFi Registered no Notification Services for Notification Type NIFI_STOPPED
2024-06-07 02:59:32,081 INFO [main] org.apache.nifi.bootstrap.RunNiFi Registered no Notification Services for Notification Type NIFI_DIED
2024-06-07 02:59:32,090 INFO [main] org.apache.nifi.bootstrap.Command Apache NiFi has accepted the Shutdown Command and is shutting down now
2024-06-07 02:59:32,128 INFO [main] org.apache.nifi.bootstrap.Command NiFi PID [89] shutdown in progress...
2024-06-07 02:59:33,818 INFO [main] org.apache.nifi.bootstrap.RunNiFi A shutdown was initiated. Will not restart NiFi
2024-06-07 02:59:34,133 INFO [main] org.apache.nifi.bootstrap.Command NiFi PID [89] shutdown completed
2024-06-07 03:02:09,157 INFO [main] o.a.n.b.NotificationServiceManager Successfully loaded the following 0 services: []
2024-06-07 03:02:09,161 INFO [main] org.apache.nifi.bootstrap.RunNiFi Registered no Notification Services for Notification Type NIFI_STARTED
2024-06-07 03:02:09,161 INFO [main] org.apache.nifi.bootstrap.RunNiFi Registered no Notification Services for Notification Type NIFI_STOPPED
2024-06-07 03:02:09,161 INFO [main] org.apache.nifi.bootstrap.RunNiFi Registered no Notification Services for Notification Type NIFI_DIED
2024-06-07 03:02:09,195 INFO [main] org.apache.nifi.bootstrap.RunNiFi Runtime Java version: 11.0.23
2024-06-07 03:02:09,359 INFO [main] org.apache.nifi.bootstrap.RunNiFi {javaVersion=11.0.23, availableProcessors=8, maxOpenFileDescriptors=1048576, totalPhysicalMemoryMB=19736, minimumHeapSize=1g, maximumHeapSize=1g}
2024-06-07 03:02:09,381 INFO [main] org.apache.nifi.bootstrap.Command Starting Apache NiFi...
2024-06-07 03:02:09,383 INFO [main] org.apache.nifi.bootstrap.Command Working Directory: /opt/nifi/nifi-current
2024-06-07 03:02:09,384 INFO [main] org.apache.nifi.bootstrap.Command Command: /opt/java/openjdk/bin/java -classpath /opt/nifi/nifi-current/./conf:/opt/nifi/nifi-current/./lib/nifi-server-api-1.26.0.jar:/opt/nifi/nifi-current/./lib/nifi-properties-1.26.0.jar:/opt/nifi/nifi-current/./lib/nifi-stateless-bootstrap-1.26.0.jar:/opt/nifi/nifi-current/./lib/nifi-runtime-1.26.0.jar:/opt/nifi/nifi-current/./lib/nifi-stateless-api-1.26.0.jar:/opt/nifi/nifi-current/./lib/jul-to-slf4j-2.0.12.jar:/opt/nifi/nifi-current/./lib/jcl-over-slf4j-2.0.12.jar:/opt/nifi/nifi-current/./lib/logback-core-1.3.14.jar:/opt/nifi/nifi-current/./lib/nifi-api-1.26.0.jar:/opt/nifi/nifi-current/./lib/nifi-property-utils-1.26.0.jar:/opt/nifi/nifi-current/./lib/byte-buddy-1.12.19.jar:/opt/nifi/nifi-current/./lib/logback-classic-1.3.14.jar:/opt/nifi/nifi-current/./lib/nifi-framework-api-1.26.0.jar:/opt/nifi/nifi-current/./lib/log4j-over-slf4j-2.0.12.jar:/opt/nifi/nifi-current/./lib/jetty-schemas-5.2.jar:/opt/nifi/nifi-current/./lib/javax.servlet-api-3.1.0.jar:/opt/nifi/nifi-current/./lib/nifi-nar-utils-1.26.0.jar:/opt/nifi/nifi-current/./lib/nifi-per-process-group-logging-1.26.0.jar:/opt/nifi/nifi-current/./lib/slf4j-api-2.0.12.jar:/opt/nifi/nifi-current/./lib/java11/jakarta.activation-api-1.2.2.jar:/opt/nifi/nifi-current/./lib/java11/jakarta.xml.bind-api-2.3.3.jar:/opt/nifi/nifi-current/./lib/java11/jakarta.activation-1.2.2.jar:/opt/nifi/nifi-current/./lib/java11/istack-commons-runtime-3.0.12.jar:/opt/nifi/nifi-current/./lib/java11/jaxb-runtime-2.3.9.jar:/opt/nifi/nifi-current/./lib/java11/txw2-2.3.9.jar:/opt/nifi/nifi-current/./lib/java11/javax.annotation-api-1.3.2.jar -Dorg.apache.jasper.compiler.disablejsr199=true -Xmx1g -Xms1g -Dcurator-log-only-first-connection-issue-as-error-level=true -Djavax.security.auth.useSubjectCredsOnly=true -Djava.security.egd=file:/dev/urandom -Dzookeeper.admin.enableServer=false -Dsun.net.http.allowRestrictedHeaders=true -Djava.net.preferIPv4Stack=true -Djava.awt.headless=true -Djava.protocol.handler.pkgs=sun.net.www.protocol -Dnifi.properties.file.path=/opt/nifi/nifi-current/./conf/nifi.properties -Dnifi.bootstrap.listen.port=35061 -Dapp=NiFi -Dorg.apache.nifi.bootstrap.config.log.dir=/opt/nifi/nifi-current/logs org.apache.nifi.NiFi 
2024-06-07 03:02:09,458 INFO [main] org.apache.nifi.bootstrap.Command Launched Apache NiFi with Process ID 89
2024-06-07 03:02:10,441 INFO [NiFi Bootstrap Command Listener] org.apache.nifi.bootstrap.RunNiFi Apache NiFi now running and listening for Bootstrap requests on port 38187
2024-06-07 03:02:22,550 ERROR [NiFi logging handler] org.apache.nifi.StdErr Warning: Nashorn engine is planned to be removed from a future JDK release
2024-06-07 03:02:25,137 ERROR [NiFi logging handler] org.apache.nifi.StdErr Warning: Nashorn engine is planned to be removed from a future JDK release
2024-06-07 03:02:25,161 ERROR [NiFi logging handler] org.apache.nifi.StdErr Warning: Nashorn engine is planned to be removed from a future JDK release
2024-06-07 03:02:25,245 ERROR [NiFi logging handler] org.apache.nifi.StdErr Warning: Nashorn engine is planned to be removed from a future JDK release
2024-06-07 03:02:25,438 ERROR [NiFi logging handler] org.apache.nifi.StdErr Warning: Nashorn engine is planned to be removed from a future JDK release
2024-06-07 03:02:25,486 ERROR [NiFi logging handler] org.apache.nifi.StdErr Warning: Nashorn engine is planned to be removed from a future JDK release
2024-06-07 03:02:25,503 ERROR [NiFi logging handler] org.apache.nifi.StdErr Warning: Nashorn engine is planned to be removed from a future JDK release
2024-06-07 03:02:25,532 ERROR [NiFi logging handler] org.apache.nifi.StdErr Warning: Nashorn engine is planned to be removed from a future JDK release
2024-06-07 03:02:25,553 ERROR [NiFi logging handler] org.apache.nifi.StdErr Warning: Nashorn engine is planned to be removed from a future JDK release
2024-06-07 03:02:30,195 ERROR [NiFi logging handler] org.apache.nifi.StdErr WARNING: An illegal reflective access operation has occurred
2024-06-07 03:02:30,196 ERROR [NiFi logging handler] org.apache.nifi.StdErr WARNING: Illegal reflective access by jetbrains.exodus.io.FileDataWriter$Companion$setUninterruptibleMethod$1 (file:/opt/nifi/nifi-current/./work/nar/framework/nifi-framework-nar-1.26.0.nar-unpacked/NAR-INF/bundled-dependencies/xodus-environment-2.0.1.jar) to method sun.nio.ch.FileChannelImpl.setUninterruptible()
2024-06-07 03:02:30,196 ERROR [NiFi logging handler] org.apache.nifi.StdErr WARNING: Please consider reporting this to the maintainers of jetbrains.exodus.io.FileDataWriter$Companion$setUninterruptibleMethod$1
2024-06-07 03:02:30,196 ERROR [NiFi logging handler] org.apache.nifi.StdErr WARNING: Use --illegal-access=warn to enable warnings of further illegal reflective access operations
2024-06-07 03:02:30,196 ERROR [NiFi logging handler] org.apache.nifi.StdErr WARNING: All illegal access operations will be denied in a future release
2024-06-07 03:08:04,131 INFO [main] o.a.n.b.NotificationServiceManager Successfully loaded the following 0 services: []
2024-06-07 03:08:04,133 INFO [main] org.apache.nifi.bootstrap.RunNiFi Registered no Notification Services for Notification Type NIFI_STARTED
2024-06-07 03:08:04,133 INFO [main] org.apache.nifi.bootstrap.RunNiFi Registered no Notification Services for Notification Type NIFI_STOPPED
2024-06-07 03:08:04,133 INFO [main] org.apache.nifi.bootstrap.RunNiFi Registered no Notification Services for Notification Type NIFI_DIED
2024-06-07 03:08:04,145 INFO [main] org.apache.nifi.bootstrap.Command Apache NiFi has accepted the Shutdown Command and is shutting down now
2024-06-07 03:08:04,189 INFO [main] org.apache.nifi.bootstrap.Command NiFi PID [89] shutdown in progress...
2024-06-07 03:08:06,191 INFO [main] org.apache.nifi.bootstrap.Command NiFi PID [89] shutdown in progress...
2024-06-07 03:08:06,552 INFO [main] org.apache.nifi.bootstrap.RunNiFi A shutdown was initiated. Will not restart NiFi
2024-06-07 03:08:08,196 INFO [main] org.apache.nifi.bootstrap.Command NiFi PID [89] shutdown completed
2024-06-07 03:11:48,781 INFO [main] o.a.n.b.NotificationServiceManager Successfully loaded the following 0 services: []
2024-06-07 03:11:48,784 INFO [main] org.apache.nifi.bootstrap.RunNiFi Registered no Notification Services for Notification Type NIFI_STARTED
2024-06-07 03:11:48,785 INFO [main] org.apache.nifi.bootstrap.RunNiFi Registered no Notification Services for Notification Type NIFI_STOPPED
2024-06-07 03:11:48,785 INFO [main] org.apache.nifi.bootstrap.RunNiFi Registered no Notification Services for Notification Type NIFI_DIED
2024-06-07 03:11:48,821 INFO [main] org.apache.nifi.bootstrap.RunNiFi Runtime Java version: 11.0.23
2024-06-07 03:11:48,952 INFO [main] org.apache.nifi.bootstrap.RunNiFi {javaVersion=11.0.23, availableProcessors=8, maxOpenFileDescriptors=1048576, totalPhysicalMemoryMB=19736, minimumHeapSize=1g, maximumHeapSize=1g}
2024-06-07 03:11:48,963 INFO [main] org.apache.nifi.bootstrap.Command Starting Apache NiFi...
2024-06-07 03:11:48,964 INFO [main] org.apache.nifi.bootstrap.Command Working Directory: /opt/nifi/nifi-current
2024-06-07 03:11:48,964 INFO [main] org.apache.nifi.bootstrap.Command Command: /opt/java/openjdk/bin/java -classpath /opt/nifi/nifi-current/./conf:/opt/nifi/nifi-current/./lib/nifi-server-api-1.26.0.jar:/opt/nifi/nifi-current/./lib/nifi-properties-1.26.0.jar:/opt/nifi/nifi-current/./lib/nifi-stateless-bootstrap-1.26.0.jar:/opt/nifi/nifi-current/./lib/nifi-runtime-1.26.0.jar:/opt/nifi/nifi-current/./lib/nifi-stateless-api-1.26.0.jar:/opt/nifi/nifi-current/./lib/jul-to-slf4j-2.0.12.jar:/opt/nifi/nifi-current/./lib/jcl-over-slf4j-2.0.12.jar:/opt/nifi/nifi-current/./lib/logback-core-1.3.14.jar:/opt/nifi/nifi-current/./lib/nifi-api-1.26.0.jar:/opt/nifi/nifi-current/./lib/nifi-property-utils-1.26.0.jar:/opt/nifi/nifi-current/./lib/byte-buddy-1.12.19.jar:/opt/nifi/nifi-current/./lib/logback-classic-1.3.14.jar:/opt/nifi/nifi-current/./lib/nifi-framework-api-1.26.0.jar:/opt/nifi/nifi-current/./lib/log4j-over-slf4j-2.0.12.jar:/opt/nifi/nifi-current/./lib/jetty-schemas-5.2.jar:/opt/nifi/nifi-current/./lib/javax.servlet-api-3.1.0.jar:/opt/nifi/nifi-current/./lib/nifi-nar-utils-1.26.0.jar:/opt/nifi/nifi-current/./lib/nifi-per-process-group-logging-1.26.0.jar:/opt/nifi/nifi-current/./lib/slf4j-api-2.0.12.jar:/opt/nifi/nifi-current/./lib/java11/jakarta.activation-api-1.2.2.jar:/opt/nifi/nifi-current/./lib/java11/jakarta.xml.bind-api-2.3.3.jar:/opt/nifi/nifi-current/./lib/java11/jakarta.activation-1.2.2.jar:/opt/nifi/nifi-current/./lib/java11/istack-commons-runtime-3.0.12.jar:/opt/nifi/nifi-current/./lib/java11/jaxb-runtime-2.3.9.jar:/opt/nifi/nifi-current/./lib/java11/txw2-2.3.9.jar:/opt/nifi/nifi-current/./lib/java11/javax.annotation-api-1.3.2.jar -Dorg.apache.jasper.compiler.disablejsr199=true -Xmx1g -Xms1g -Dcurator-log-only-first-connection-issue-as-error-level=true -Djavax.security.auth.useSubjectCredsOnly=true -Djava.security.egd=file:/dev/urandom -Dzookeeper.admin.enableServer=false -Dsun.net.http.allowRestrictedHeaders=true -Djava.net.preferIPv4Stack=true -Djava.awt.headless=true -Djava.protocol.handler.pkgs=sun.net.www.protocol -Dnifi.properties.file.path=/opt/nifi/nifi-current/./conf/nifi.properties -Dnifi.bootstrap.listen.port=46833 -Dapp=NiFi -Dorg.apache.nifi.bootstrap.config.log.dir=/opt/nifi/nifi-current/logs org.apache.nifi.NiFi 
2024-06-07 03:11:49,021 INFO [main] org.apache.nifi.bootstrap.Command Launched Apache NiFi with Process ID 89
2024-06-07 03:11:49,970 INFO [NiFi Bootstrap Command Listener] org.apache.nifi.bootstrap.RunNiFi Apache NiFi now running and listening for Bootstrap requests on port 46131
2024-06-07 03:12:01,250 ERROR [NiFi logging handler] org.apache.nifi.StdErr Warning: Nashorn engine is planned to be removed from a future JDK release
2024-06-07 03:12:03,002 ERROR [NiFi logging handler] org.apache.nifi.StdErr Warning: Nashorn engine is planned to be removed from a future JDK release
2024-06-07 03:12:03,014 ERROR [NiFi logging handler] org.apache.nifi.StdErr Warning: Nashorn engine is planned to be removed from a future JDK release
2024-06-07 03:12:03,033 ERROR [NiFi logging handler] org.apache.nifi.StdErr Warning: Nashorn engine is planned to be removed from a future JDK release
2024-06-07 03:12:03,040 ERROR [NiFi logging handler] org.apache.nifi.StdErr Warning: Nashorn engine is planned to be removed from a future JDK release
2024-06-07 03:12:03,055 ERROR [NiFi logging handler] org.apache.nifi.StdErr Warning: Nashorn engine is planned to be removed from a future JDK release
2024-06-07 03:12:03,212 ERROR [NiFi logging handler] org.apache.nifi.StdErr Warning: Nashorn engine is planned to be removed from a future JDK release
2024-06-07 03:12:03,220 ERROR [NiFi logging handler] org.apache.nifi.StdErr Warning: Nashorn engine is planned to be removed from a future JDK release
2024-06-07 03:12:03,413 ERROR [NiFi logging handler] org.apache.nifi.StdErr Warning: Nashorn engine is planned to be removed from a future JDK release
2024-06-07 03:12:07,752 ERROR [NiFi logging handler] org.apache.nifi.StdErr WARNING: An illegal reflective access operation has occurred
2024-06-07 03:12:07,752 ERROR [NiFi logging handler] org.apache.nifi.StdErr WARNING: Illegal reflective access by jetbrains.exodus.io.FileDataWriter$Companion$setUninterruptibleMethod$1 (file:/opt/nifi/nifi-current/./work/nar/framework/nifi-framework-nar-1.26.0.nar-unpacked/NAR-INF/bundled-dependencies/xodus-environment-2.0.1.jar) to method sun.nio.ch.FileChannelImpl.setUninterruptible()
2024-06-07 03:12:07,752 ERROR [NiFi logging handler] org.apache.nifi.StdErr WARNING: Please consider reporting this to the maintainers of jetbrains.exodus.io.FileDataWriter$Companion$setUninterruptibleMethod$1
2024-06-07 03:12:07,752 ERROR [NiFi logging handler] org.apache.nifi.StdErr WARNING: Use --illegal-access=warn to enable warnings of further illegal reflective access operations
2024-06-07 03:12:07,752 ERROR [NiFi logging handler] org.apache.nifi.StdErr WARNING: All illegal access operations will be denied in a future release
2024-06-07 03:12:19,441 INFO [main] o.a.n.b.NotificationServiceManager Successfully loaded the following 0 services: []
2024-06-07 03:12:19,444 INFO [main] org.apache.nifi.bootstrap.RunNiFi Registered no Notification Services for Notification Type NIFI_STARTED
2024-06-07 03:12:19,444 INFO [main] org.apache.nifi.bootstrap.RunNiFi Registered no Notification Services for Notification Type NIFI_STOPPED
2024-06-07 03:12:19,444 INFO [main] org.apache.nifi.bootstrap.RunNiFi Registered no Notification Services for Notification Type NIFI_DIED
2024-06-07 03:12:19,461 INFO [main] org.apache.nifi.bootstrap.Command Apache NiFi has accepted the Shutdown Command and is shutting down now
2024-06-07 03:12:19,498 INFO [main] org.apache.nifi.bootstrap.Command NiFi PID [89] shutdown in progress...
2024-06-07 03:12:21,502 INFO [main] org.apache.nifi.bootstrap.Command NiFi PID [89] shutdown in progress...
2024-06-07 03:12:23,029 INFO [main] org.apache.nifi.bootstrap.RunNiFi A shutdown was initiated. Will not restart NiFi
2024-06-07 03:12:23,507 INFO [main] org.apache.nifi.bootstrap.Command NiFi PID [89] shutdown completed
