2024-06-06 08:00:22,872 INFO [main] o.a.n.b.NotificationServiceManager Successfully loaded the following 0 services: []
2024-06-06 08:00:22,876 INFO [main] org.apache.nifi.bootstrap.RunNiFi Registered no Notification Services for Notification Type NIFI_STARTED
2024-06-06 08:00:22,876 INFO [main] org.apache.nifi.bootstrap.RunNiFi Registered no Notification Services for Notification Type NIFI_STOPPED
2024-06-06 08:00:22,876 INFO [main] org.apache.nifi.bootstrap.RunNiFi Registered no Notification Services for Notification Type NIFI_DIED
2024-06-06 08:00:22,927 INFO [main] org.apache.nifi.bootstrap.RunNiFi Runtime Java version: 11.0.23
2024-06-06 08:00:23,162 INFO [main] org.apache.nifi.bootstrap.RunNiFi {javaVersion=11.0.23, availableProcessors=8, maxOpenFileDescriptors=1048576, totalPhysicalMemoryMB=19736, minimumHeapSize=1g, maximumHeapSize=1g}
2024-06-06 08:00:23,181 INFO [main] org.apache.nifi.bootstrap.Command Starting Apache NiFi...
2024-06-06 08:00:23,182 INFO [main] org.apache.nifi.bootstrap.Command Working Directory: /opt/nifi/nifi-current
2024-06-06 08:00:23,182 INFO [main] org.apache.nifi.bootstrap.Command Command: /opt/java/openjdk/bin/java -classpath /opt/nifi/nifi-current/./conf:/opt/nifi/nifi-current/./lib/nifi-server-api-1.26.0.jar:/opt/nifi/nifi-current/./lib/nifi-properties-1.26.0.jar:/opt/nifi/nifi-current/./lib/nifi-stateless-bootstrap-1.26.0.jar:/opt/nifi/nifi-current/./lib/nifi-runtime-1.26.0.jar:/opt/nifi/nifi-current/./lib/nifi-stateless-api-1.26.0.jar:/opt/nifi/nifi-current/./lib/jul-to-slf4j-2.0.12.jar:/opt/nifi/nifi-current/./lib/jcl-over-slf4j-2.0.12.jar:/opt/nifi/nifi-current/./lib/logback-core-1.3.14.jar:/opt/nifi/nifi-current/./lib/nifi-api-1.26.0.jar:/opt/nifi/nifi-current/./lib/nifi-property-utils-1.26.0.jar:/opt/nifi/nifi-current/./lib/byte-buddy-1.12.19.jar:/opt/nifi/nifi-current/./lib/logback-classic-1.3.14.jar:/opt/nifi/nifi-current/./lib/nifi-framework-api-1.26.0.jar:/opt/nifi/nifi-current/./lib/log4j-over-slf4j-2.0.12.jar:/opt/nifi/nifi-current/./lib/jetty-schemas-5.2.jar:/opt/nifi/nifi-current/./lib/javax.servlet-api-3.1.0.jar:/opt/nifi/nifi-current/./lib/nifi-nar-utils-1.26.0.jar:/opt/nifi/nifi-current/./lib/nifi-per-process-group-logging-1.26.0.jar:/opt/nifi/nifi-current/./lib/slf4j-api-2.0.12.jar:/opt/nifi/nifi-current/./lib/java11/jakarta.activation-api-1.2.2.jar:/opt/nifi/nifi-current/./lib/java11/jakarta.xml.bind-api-2.3.3.jar:/opt/nifi/nifi-current/./lib/java11/jakarta.activation-1.2.2.jar:/opt/nifi/nifi-current/./lib/java11/istack-commons-runtime-3.0.12.jar:/opt/nifi/nifi-current/./lib/java11/jaxb-runtime-2.3.9.jar:/opt/nifi/nifi-current/./lib/java11/txw2-2.3.9.jar:/opt/nifi/nifi-current/./lib/java11/javax.annotation-api-1.3.2.jar -Dorg.apache.jasper.compiler.disablejsr199=true -Xmx1g -Xms1g -Dcurator-log-only-first-connection-issue-as-error-level=true -Djavax.security.auth.useSubjectCredsOnly=true -Djava.security.egd=file:/dev/urandom -Dzookeeper.admin.enableServer=false -Dsun.net.http.allowRestrictedHeaders=true -Djava.net.preferIPv4Stack=true -Djava.awt.headless=true -Djava.protocol.handler.pkgs=sun.net.www.protocol -Dnifi.properties.file.path=/opt/nifi/nifi-current/./conf/nifi.properties -Dnifi.bootstrap.listen.port=35005 -Dapp=NiFi -Dorg.apache.nifi.bootstrap.config.log.dir=/opt/nifi/nifi-current/logs org.apache.nifi.NiFi 
2024-06-06 08:00:23,260 INFO [main] org.apache.nifi.bootstrap.Command Launched Apache NiFi with Process ID 89
2024-06-06 08:00:24,177 INFO [NiFi Bootstrap Command Listener] org.apache.nifi.bootstrap.RunNiFi Apache NiFi now running and listening for Bootstrap requests on port 38609
2024-06-06 08:00:36,922 ERROR [NiFi logging handler] org.apache.nifi.StdErr Warning: Nashorn engine is planned to be removed from a future JDK release
2024-06-06 08:00:38,025 ERROR [NiFi logging handler] org.apache.nifi.StdErr Warning: Nashorn engine is planned to be removed from a future JDK release
2024-06-06 08:00:38,052 ERROR [NiFi logging handler] org.apache.nifi.StdErr Warning: Nashorn engine is planned to be removed from a future JDK release
2024-06-06 08:00:38,059 ERROR [NiFi logging handler] org.apache.nifi.StdErr Warning: Nashorn engine is planned to be removed from a future JDK release
2024-06-06 08:00:38,099 ERROR [NiFi logging handler] org.apache.nifi.StdErr Warning: Nashorn engine is planned to be removed from a future JDK release
2024-06-06 08:00:38,188 ERROR [NiFi logging handler] org.apache.nifi.StdErr Warning: Nashorn engine is planned to be removed from a future JDK release
2024-06-06 08:00:38,236 ERROR [NiFi logging handler] org.apache.nifi.StdErr Warning: Nashorn engine is planned to be removed from a future JDK release
2024-06-06 08:00:38,241 ERROR [NiFi logging handler] org.apache.nifi.StdErr Warning: Nashorn engine is planned to be removed from a future JDK release
2024-06-06 08:00:38,412 ERROR [NiFi logging handler] org.apache.nifi.StdErr Warning: Nashorn engine is planned to be removed from a future JDK release
2024-06-06 08:00:42,261 ERROR [NiFi logging handler] org.apache.nifi.StdErr WARNING: An illegal reflective access operation has occurred
2024-06-06 08:00:42,261 ERROR [NiFi logging handler] org.apache.nifi.StdErr WARNING: Illegal reflective access by jetbrains.exodus.io.FileDataWriter$Companion$setUninterruptibleMethod$1 (file:/opt/nifi/nifi-current/./work/nar/framework/nifi-framework-nar-1.26.0.nar-unpacked/NAR-INF/bundled-dependencies/xodus-environment-2.0.1.jar) to method sun.nio.ch.FileChannelImpl.setUninterruptible()
2024-06-06 08:00:42,261 ERROR [NiFi logging handler] org.apache.nifi.StdErr WARNING: Please consider reporting this to the maintainers of jetbrains.exodus.io.FileDataWriter$Companion$setUninterruptibleMethod$1
2024-06-06 08:00:42,261 ERROR [NiFi logging handler] org.apache.nifi.StdErr WARNING: Use --illegal-access=warn to enable warnings of further illegal reflective access operations
2024-06-06 08:00:42,261 ERROR [NiFi logging handler] org.apache.nifi.StdErr WARNING: All illegal access operations will be denied in a future release
2024-06-06 08:03:08,164 INFO [main] o.a.n.b.NotificationServiceManager Successfully loaded the following 0 services: []
2024-06-06 08:03:08,166 INFO [main] org.apache.nifi.bootstrap.RunNiFi Registered no Notification Services for Notification Type NIFI_STARTED
2024-06-06 08:03:08,166 INFO [main] org.apache.nifi.bootstrap.RunNiFi Registered no Notification Services for Notification Type NIFI_STOPPED
2024-06-06 08:03:08,166 INFO [main] org.apache.nifi.bootstrap.RunNiFi Registered no Notification Services for Notification Type NIFI_DIED
2024-06-06 08:03:08,179 INFO [main] org.apache.nifi.bootstrap.Command Apache NiFi has accepted the Shutdown Command and is shutting down now
2024-06-06 08:03:08,214 INFO [main] org.apache.nifi.bootstrap.Command NiFi PID [89] shutdown in progress...
2024-06-06 08:03:10,216 INFO [main] org.apache.nifi.bootstrap.Command NiFi PID [89] shutdown in progress...
2024-06-06 08:03:11,303 INFO [main] org.apache.nifi.bootstrap.RunNiFi A shutdown was initiated. Will not restart NiFi
2024-06-06 08:03:12,218 INFO [main] org.apache.nifi.bootstrap.Command NiFi PID [89] shutdown completed
2024-06-06 08:08:24,999 INFO [main] o.a.n.b.NotificationServiceManager Successfully loaded the following 0 services: []
2024-06-06 08:08:25,003 INFO [main] org.apache.nifi.bootstrap.RunNiFi Registered no Notification Services for Notification Type NIFI_STARTED
2024-06-06 08:08:25,005 INFO [main] org.apache.nifi.bootstrap.RunNiFi Registered no Notification Services for Notification Type NIFI_STOPPED
2024-06-06 08:08:25,006 INFO [main] org.apache.nifi.bootstrap.RunNiFi Registered no Notification Services for Notification Type NIFI_DIED
2024-06-06 08:08:25,048 INFO [main] org.apache.nifi.bootstrap.RunNiFi Runtime Java version: 11.0.23
2024-06-06 08:08:25,387 INFO [main] org.apache.nifi.bootstrap.RunNiFi {javaVersion=11.0.23, availableProcessors=8, maxOpenFileDescriptors=1048576, totalPhysicalMemoryMB=19736, minimumHeapSize=1g, maximumHeapSize=1g}
2024-06-06 08:08:25,408 INFO [main] org.apache.nifi.bootstrap.Command Starting Apache NiFi...
2024-06-06 08:08:25,409 INFO [main] org.apache.nifi.bootstrap.Command Working Directory: /opt/nifi/nifi-current
2024-06-06 08:08:25,410 INFO [main] org.apache.nifi.bootstrap.Command Command: /opt/java/openjdk/bin/java -classpath /opt/nifi/nifi-current/./conf:/opt/nifi/nifi-current/./lib/nifi-server-api-1.26.0.jar:/opt/nifi/nifi-current/./lib/nifi-properties-1.26.0.jar:/opt/nifi/nifi-current/./lib/nifi-stateless-bootstrap-1.26.0.jar:/opt/nifi/nifi-current/./lib/nifi-runtime-1.26.0.jar:/opt/nifi/nifi-current/./lib/nifi-stateless-api-1.26.0.jar:/opt/nifi/nifi-current/./lib/jul-to-slf4j-2.0.12.jar:/opt/nifi/nifi-current/./lib/jcl-over-slf4j-2.0.12.jar:/opt/nifi/nifi-current/./lib/logback-core-1.3.14.jar:/opt/nifi/nifi-current/./lib/nifi-api-1.26.0.jar:/opt/nifi/nifi-current/./lib/nifi-property-utils-1.26.0.jar:/opt/nifi/nifi-current/./lib/byte-buddy-1.12.19.jar:/opt/nifi/nifi-current/./lib/logback-classic-1.3.14.jar:/opt/nifi/nifi-current/./lib/nifi-framework-api-1.26.0.jar:/opt/nifi/nifi-current/./lib/log4j-over-slf4j-2.0.12.jar:/opt/nifi/nifi-current/./lib/jetty-schemas-5.2.jar:/opt/nifi/nifi-current/./lib/javax.servlet-api-3.1.0.jar:/opt/nifi/nifi-current/./lib/nifi-nar-utils-1.26.0.jar:/opt/nifi/nifi-current/./lib/nifi-per-process-group-logging-1.26.0.jar:/opt/nifi/nifi-current/./lib/slf4j-api-2.0.12.jar:/opt/nifi/nifi-current/./lib/java11/jakarta.activation-api-1.2.2.jar:/opt/nifi/nifi-current/./lib/java11/jakarta.xml.bind-api-2.3.3.jar:/opt/nifi/nifi-current/./lib/java11/jakarta.activation-1.2.2.jar:/opt/nifi/nifi-current/./lib/java11/istack-commons-runtime-3.0.12.jar:/opt/nifi/nifi-current/./lib/java11/jaxb-runtime-2.3.9.jar:/opt/nifi/nifi-current/./lib/java11/txw2-2.3.9.jar:/opt/nifi/nifi-current/./lib/java11/javax.annotation-api-1.3.2.jar -Dorg.apache.jasper.compiler.disablejsr199=true -Xmx1g -Xms1g -Dcurator-log-only-first-connection-issue-as-error-level=true -Djavax.security.auth.useSubjectCredsOnly=true -Djava.security.egd=file:/dev/urandom -Dzookeeper.admin.enableServer=false -Dsun.net.http.allowRestrictedHeaders=true -Djava.net.preferIPv4Stack=true -Djava.awt.headless=true -Djava.protocol.handler.pkgs=sun.net.www.protocol -Dnifi.properties.file.path=/opt/nifi/nifi-current/./conf/nifi.properties -Dnifi.bootstrap.listen.port=41809 -Dapp=NiFi -Dorg.apache.nifi.bootstrap.config.log.dir=/opt/nifi/nifi-current/logs org.apache.nifi.NiFi 
2024-06-06 08:08:25,499 INFO [main] org.apache.nifi.bootstrap.Command Launched Apache NiFi with Process ID 89
2024-06-06 08:08:26,588 INFO [NiFi Bootstrap Command Listener] org.apache.nifi.bootstrap.RunNiFi Apache NiFi now running and listening for Bootstrap requests on port 40771
2024-06-06 08:08:39,374 ERROR [NiFi logging handler] org.apache.nifi.StdErr Warning: Nashorn engine is planned to be removed from a future JDK release
2024-06-06 08:08:40,367 ERROR [NiFi logging handler] org.apache.nifi.StdErr Warning: Nashorn engine is planned to be removed from a future JDK release
2024-06-06 08:08:40,402 ERROR [NiFi logging handler] org.apache.nifi.StdErr Warning: Nashorn engine is planned to be removed from a future JDK release
2024-06-06 08:08:40,411 ERROR [NiFi logging handler] org.apache.nifi.StdErr Warning: Nashorn engine is planned to be removed from a future JDK release
2024-06-06 08:08:40,457 ERROR [NiFi logging handler] org.apache.nifi.StdErr Warning: Nashorn engine is planned to be removed from a future JDK release
2024-06-06 08:08:40,547 ERROR [NiFi logging handler] org.apache.nifi.StdErr Warning: Nashorn engine is planned to be removed from a future JDK release
2024-06-06 08:08:40,585 ERROR [NiFi logging handler] org.apache.nifi.StdErr Warning: Nashorn engine is planned to be removed from a future JDK release
2024-06-06 08:08:40,590 ERROR [NiFi logging handler] org.apache.nifi.StdErr Warning: Nashorn engine is planned to be removed from a future JDK release
2024-06-06 08:08:40,742 ERROR [NiFi logging handler] org.apache.nifi.StdErr Warning: Nashorn engine is planned to be removed from a future JDK release
2024-06-06 08:08:44,838 ERROR [NiFi logging handler] org.apache.nifi.StdErr WARNING: An illegal reflective access operation has occurred
2024-06-06 08:08:44,838 ERROR [NiFi logging handler] org.apache.nifi.StdErr WARNING: Illegal reflective access by jetbrains.exodus.io.FileDataWriter$Companion$setUninterruptibleMethod$1 (file:/opt/nifi/nifi-current/./work/nar/framework/nifi-framework-nar-1.26.0.nar-unpacked/NAR-INF/bundled-dependencies/xodus-environment-2.0.1.jar) to method sun.nio.ch.FileChannelImpl.setUninterruptible()
2024-06-06 08:08:44,838 ERROR [NiFi logging handler] org.apache.nifi.StdErr WARNING: Please consider reporting this to the maintainers of jetbrains.exodus.io.FileDataWriter$Companion$setUninterruptibleMethod$1
2024-06-06 08:08:44,838 ERROR [NiFi logging handler] org.apache.nifi.StdErr WARNING: Use --illegal-access=warn to enable warnings of further illegal reflective access operations
2024-06-06 08:08:44,838 ERROR [NiFi logging handler] org.apache.nifi.StdErr WARNING: All illegal access operations will be denied in a future release
2024-06-06 08:10:10,998 INFO [main] o.a.n.b.NotificationServiceManager Successfully loaded the following 0 services: []
2024-06-06 08:10:10,999 INFO [main] org.apache.nifi.bootstrap.RunNiFi Registered no Notification Services for Notification Type NIFI_STARTED
2024-06-06 08:10:10,999 INFO [main] org.apache.nifi.bootstrap.RunNiFi Registered no Notification Services for Notification Type NIFI_STOPPED
2024-06-06 08:10:10,999 INFO [main] org.apache.nifi.bootstrap.RunNiFi Registered no Notification Services for Notification Type NIFI_DIED
2024-06-06 08:10:11,008 INFO [main] org.apache.nifi.bootstrap.Command Apache NiFi has accepted the Shutdown Command and is shutting down now
2024-06-06 08:10:11,042 INFO [main] org.apache.nifi.bootstrap.Command NiFi PID [89] shutdown in progress...
2024-06-06 08:10:13,045 INFO [main] org.apache.nifi.bootstrap.Command NiFi PID [89] shutdown completed
2024-06-06 08:10:13,549 INFO [main] org.apache.nifi.bootstrap.RunNiFi Status File no longer exists. Will not restart NiFi
2024-06-06 08:12:23,180 INFO [main] o.a.n.b.NotificationServiceManager Successfully loaded the following 0 services: []
2024-06-06 08:12:23,183 INFO [main] org.apache.nifi.bootstrap.RunNiFi Registered no Notification Services for Notification Type NIFI_STARTED
2024-06-06 08:12:23,183 INFO [main] org.apache.nifi.bootstrap.RunNiFi Registered no Notification Services for Notification Type NIFI_STOPPED
2024-06-06 08:12:23,183 INFO [main] org.apache.nifi.bootstrap.RunNiFi Registered no Notification Services for Notification Type NIFI_DIED
2024-06-06 08:12:23,233 INFO [main] org.apache.nifi.bootstrap.RunNiFi Runtime Java version: 11.0.23
2024-06-06 08:12:23,494 INFO [main] org.apache.nifi.bootstrap.RunNiFi {javaVersion=11.0.23, availableProcessors=8, maxOpenFileDescriptors=1048576, totalPhysicalMemoryMB=19736, minimumHeapSize=1g, maximumHeapSize=1g}
2024-06-06 08:12:23,532 INFO [main] org.apache.nifi.bootstrap.Command Starting Apache NiFi...
2024-06-06 08:12:23,533 INFO [main] org.apache.nifi.bootstrap.Command Working Directory: /opt/nifi/nifi-current
2024-06-06 08:12:23,534 INFO [main] org.apache.nifi.bootstrap.Command Command: /opt/java/openjdk/bin/java -classpath /opt/nifi/nifi-current/./conf:/opt/nifi/nifi-current/./lib/nifi-server-api-1.26.0.jar:/opt/nifi/nifi-current/./lib/nifi-properties-1.26.0.jar:/opt/nifi/nifi-current/./lib/nifi-stateless-bootstrap-1.26.0.jar:/opt/nifi/nifi-current/./lib/nifi-runtime-1.26.0.jar:/opt/nifi/nifi-current/./lib/nifi-stateless-api-1.26.0.jar:/opt/nifi/nifi-current/./lib/jul-to-slf4j-2.0.12.jar:/opt/nifi/nifi-current/./lib/jcl-over-slf4j-2.0.12.jar:/opt/nifi/nifi-current/./lib/logback-core-1.3.14.jar:/opt/nifi/nifi-current/./lib/nifi-api-1.26.0.jar:/opt/nifi/nifi-current/./lib/nifi-property-utils-1.26.0.jar:/opt/nifi/nifi-current/./lib/byte-buddy-1.12.19.jar:/opt/nifi/nifi-current/./lib/logback-classic-1.3.14.jar:/opt/nifi/nifi-current/./lib/nifi-framework-api-1.26.0.jar:/opt/nifi/nifi-current/./lib/log4j-over-slf4j-2.0.12.jar:/opt/nifi/nifi-current/./lib/jetty-schemas-5.2.jar:/opt/nifi/nifi-current/./lib/javax.servlet-api-3.1.0.jar:/opt/nifi/nifi-current/./lib/nifi-nar-utils-1.26.0.jar:/opt/nifi/nifi-current/./lib/nifi-per-process-group-logging-1.26.0.jar:/opt/nifi/nifi-current/./lib/slf4j-api-2.0.12.jar:/opt/nifi/nifi-current/./lib/java11/jakarta.activation-api-1.2.2.jar:/opt/nifi/nifi-current/./lib/java11/jakarta.xml.bind-api-2.3.3.jar:/opt/nifi/nifi-current/./lib/java11/jakarta.activation-1.2.2.jar:/opt/nifi/nifi-current/./lib/java11/istack-commons-runtime-3.0.12.jar:/opt/nifi/nifi-current/./lib/java11/jaxb-runtime-2.3.9.jar:/opt/nifi/nifi-current/./lib/java11/txw2-2.3.9.jar:/opt/nifi/nifi-current/./lib/java11/javax.annotation-api-1.3.2.jar -Dorg.apache.jasper.compiler.disablejsr199=true -Xmx1g -Xms1g -Dcurator-log-only-first-connection-issue-as-error-level=true -Djavax.security.auth.useSubjectCredsOnly=true -Djava.security.egd=file:/dev/urandom -Dzookeeper.admin.enableServer=false -Dsun.net.http.allowRestrictedHeaders=true -Djava.net.preferIPv4Stack=true -Djava.awt.headless=true -Djava.protocol.handler.pkgs=sun.net.www.protocol -Dnifi.properties.file.path=/opt/nifi/nifi-current/./conf/nifi.properties -Dnifi.bootstrap.listen.port=43543 -Dapp=NiFi -Dorg.apache.nifi.bootstrap.config.log.dir=/opt/nifi/nifi-current/logs org.apache.nifi.NiFi 
2024-06-06 08:12:23,615 INFO [main] org.apache.nifi.bootstrap.Command Launched Apache NiFi with Process ID 89
2024-06-06 08:12:24,541 INFO [NiFi Bootstrap Command Listener] org.apache.nifi.bootstrap.RunNiFi Apache NiFi now running and listening for Bootstrap requests on port 46191
2024-06-06 08:12:36,542 ERROR [NiFi logging handler] org.apache.nifi.StdErr Warning: Nashorn engine is planned to be removed from a future JDK release
2024-06-06 08:12:37,624 ERROR [NiFi logging handler] org.apache.nifi.StdErr Warning: Nashorn engine is planned to be removed from a future JDK release
2024-06-06 08:12:37,649 ERROR [NiFi logging handler] org.apache.nifi.StdErr Warning: Nashorn engine is planned to be removed from a future JDK release
2024-06-06 08:12:37,656 ERROR [NiFi logging handler] org.apache.nifi.StdErr Warning: Nashorn engine is planned to be removed from a future JDK release
2024-06-06 08:12:37,687 ERROR [NiFi logging handler] org.apache.nifi.StdErr Warning: Nashorn engine is planned to be removed from a future JDK release
2024-06-06 08:12:37,755 ERROR [NiFi logging handler] org.apache.nifi.StdErr Warning: Nashorn engine is planned to be removed from a future JDK release
2024-06-06 08:12:37,780 ERROR [NiFi logging handler] org.apache.nifi.StdErr Warning: Nashorn engine is planned to be removed from a future JDK release
2024-06-06 08:12:37,783 ERROR [NiFi logging handler] org.apache.nifi.StdErr Warning: Nashorn engine is planned to be removed from a future JDK release
2024-06-06 08:12:37,913 ERROR [NiFi logging handler] org.apache.nifi.StdErr Warning: Nashorn engine is planned to be removed from a future JDK release
2024-06-06 08:12:41,786 ERROR [NiFi logging handler] org.apache.nifi.StdErr WARNING: An illegal reflective access operation has occurred
2024-06-06 08:12:41,786 ERROR [NiFi logging handler] org.apache.nifi.StdErr WARNING: Illegal reflective access by jetbrains.exodus.io.FileDataWriter$Companion$setUninterruptibleMethod$1 (file:/opt/nifi/nifi-current/./work/nar/framework/nifi-framework-nar-1.26.0.nar-unpacked/NAR-INF/bundled-dependencies/xodus-environment-2.0.1.jar) to method sun.nio.ch.FileChannelImpl.setUninterruptible()
2024-06-06 08:12:41,786 ERROR [NiFi logging handler] org.apache.nifi.StdErr WARNING: Please consider reporting this to the maintainers of jetbrains.exodus.io.FileDataWriter$Companion$setUninterruptibleMethod$1
2024-06-06 08:12:41,786 ERROR [NiFi logging handler] org.apache.nifi.StdErr WARNING: Use --illegal-access=warn to enable warnings of further illegal reflective access operations
2024-06-06 08:12:41,786 ERROR [NiFi logging handler] org.apache.nifi.StdErr WARNING: All illegal access operations will be denied in a future release
2024-06-06 08:16:39,571 INFO [main] o.a.n.b.NotificationServiceManager Successfully loaded the following 0 services: []
2024-06-06 08:16:39,572 INFO [main] org.apache.nifi.bootstrap.RunNiFi Registered no Notification Services for Notification Type NIFI_STARTED
2024-06-06 08:16:39,572 INFO [main] org.apache.nifi.bootstrap.RunNiFi Registered no Notification Services for Notification Type NIFI_STOPPED
2024-06-06 08:16:39,573 INFO [main] org.apache.nifi.bootstrap.RunNiFi Registered no Notification Services for Notification Type NIFI_DIED
2024-06-06 08:16:39,588 INFO [main] org.apache.nifi.bootstrap.Command Apache NiFi has accepted the Shutdown Command and is shutting down now
2024-06-06 08:16:39,615 INFO [main] org.apache.nifi.bootstrap.Command NiFi PID [89] shutdown in progress...
2024-06-06 08:16:41,618 INFO [main] org.apache.nifi.bootstrap.Command NiFi PID [89] shutdown in progress...
2024-06-06 08:16:42,671 INFO [main] org.apache.nifi.bootstrap.RunNiFi A shutdown was initiated. Will not restart NiFi
2024-06-06 08:16:43,621 INFO [main] org.apache.nifi.bootstrap.Command NiFi PID [89] shutdown completed
2024-06-06 08:17:06,460 INFO [main] o.a.n.b.NotificationServiceManager Successfully loaded the following 0 services: []
2024-06-06 08:17:06,465 INFO [main] org.apache.nifi.bootstrap.RunNiFi Registered no Notification Services for Notification Type NIFI_STARTED
2024-06-06 08:17:06,466 INFO [main] org.apache.nifi.bootstrap.RunNiFi Registered no Notification Services for Notification Type NIFI_STOPPED
2024-06-06 08:17:06,466 INFO [main] org.apache.nifi.bootstrap.RunNiFi Registered no Notification Services for Notification Type NIFI_DIED
2024-06-06 08:17:06,485 INFO [main] org.apache.nifi.bootstrap.RunNiFi Runtime Java version: 11.0.23
2024-06-06 08:17:06,627 INFO [main] org.apache.nifi.bootstrap.RunNiFi {javaVersion=11.0.23, availableProcessors=8, maxOpenFileDescriptors=1048576, totalPhysicalMemoryMB=19736, minimumHeapSize=1g, maximumHeapSize=1g}
2024-06-06 08:17:06,667 INFO [main] org.apache.nifi.bootstrap.Command Starting Apache NiFi...
2024-06-06 08:17:06,675 INFO [main] org.apache.nifi.bootstrap.Command Working Directory: /opt/nifi/nifi-current
2024-06-06 08:17:06,676 INFO [main] org.apache.nifi.bootstrap.Command Command: /opt/java/openjdk/bin/java -classpath /opt/nifi/nifi-current/./conf:/opt/nifi/nifi-current/./lib/nifi-server-api-1.26.0.jar:/opt/nifi/nifi-current/./lib/nifi-properties-1.26.0.jar:/opt/nifi/nifi-current/./lib/nifi-stateless-bootstrap-1.26.0.jar:/opt/nifi/nifi-current/./lib/nifi-runtime-1.26.0.jar:/opt/nifi/nifi-current/./lib/nifi-stateless-api-1.26.0.jar:/opt/nifi/nifi-current/./lib/jul-to-slf4j-2.0.12.jar:/opt/nifi/nifi-current/./lib/jcl-over-slf4j-2.0.12.jar:/opt/nifi/nifi-current/./lib/logback-core-1.3.14.jar:/opt/nifi/nifi-current/./lib/nifi-api-1.26.0.jar:/opt/nifi/nifi-current/./lib/nifi-property-utils-1.26.0.jar:/opt/nifi/nifi-current/./lib/byte-buddy-1.12.19.jar:/opt/nifi/nifi-current/./lib/logback-classic-1.3.14.jar:/opt/nifi/nifi-current/./lib/nifi-framework-api-1.26.0.jar:/opt/nifi/nifi-current/./lib/log4j-over-slf4j-2.0.12.jar:/opt/nifi/nifi-current/./lib/jetty-schemas-5.2.jar:/opt/nifi/nifi-current/./lib/javax.servlet-api-3.1.0.jar:/opt/nifi/nifi-current/./lib/nifi-nar-utils-1.26.0.jar:/opt/nifi/nifi-current/./lib/nifi-per-process-group-logging-1.26.0.jar:/opt/nifi/nifi-current/./lib/slf4j-api-2.0.12.jar:/opt/nifi/nifi-current/./lib/java11/jakarta.activation-api-1.2.2.jar:/opt/nifi/nifi-current/./lib/java11/jakarta.xml.bind-api-2.3.3.jar:/opt/nifi/nifi-current/./lib/java11/jakarta.activation-1.2.2.jar:/opt/nifi/nifi-current/./lib/java11/istack-commons-runtime-3.0.12.jar:/opt/nifi/nifi-current/./lib/java11/jaxb-runtime-2.3.9.jar:/opt/nifi/nifi-current/./lib/java11/txw2-2.3.9.jar:/opt/nifi/nifi-current/./lib/java11/javax.annotation-api-1.3.2.jar -Dorg.apache.jasper.compiler.disablejsr199=true -Xmx1g -Xms1g -Dcurator-log-only-first-connection-issue-as-error-level=true -Djavax.security.auth.useSubjectCredsOnly=true -Djava.security.egd=file:/dev/urandom -Dzookeeper.admin.enableServer=false -Dsun.net.http.allowRestrictedHeaders=true -Djava.net.preferIPv4Stack=true -Djava.awt.headless=true -Djava.protocol.handler.pkgs=sun.net.www.protocol -Dnifi.properties.file.path=/opt/nifi/nifi-current/./conf/nifi.properties -Dnifi.bootstrap.listen.port=45169 -Dapp=NiFi -Dorg.apache.nifi.bootstrap.config.log.dir=/opt/nifi/nifi-current/logs org.apache.nifi.NiFi 
2024-06-06 08:17:06,779 INFO [main] org.apache.nifi.bootstrap.Command Launched Apache NiFi with Process ID 89
2024-06-06 08:17:07,801 INFO [NiFi Bootstrap Command Listener] org.apache.nifi.bootstrap.RunNiFi Apache NiFi now running and listening for Bootstrap requests on port 33515
2024-06-06 08:17:20,866 ERROR [NiFi logging handler] org.apache.nifi.StdErr Warning: Nashorn engine is planned to be removed from a future JDK release
2024-06-06 08:17:22,128 ERROR [NiFi logging handler] org.apache.nifi.StdErr Warning: Nashorn engine is planned to be removed from a future JDK release
2024-06-06 08:17:22,155 ERROR [NiFi logging handler] org.apache.nifi.StdErr Warning: Nashorn engine is planned to be removed from a future JDK release
2024-06-06 08:17:22,163 ERROR [NiFi logging handler] org.apache.nifi.StdErr Warning: Nashorn engine is planned to be removed from a future JDK release
2024-06-06 08:17:22,204 ERROR [NiFi logging handler] org.apache.nifi.StdErr Warning: Nashorn engine is planned to be removed from a future JDK release
2024-06-06 08:17:22,273 ERROR [NiFi logging handler] org.apache.nifi.StdErr Warning: Nashorn engine is planned to be removed from a future JDK release
2024-06-06 08:17:22,302 ERROR [NiFi logging handler] org.apache.nifi.StdErr Warning: Nashorn engine is planned to be removed from a future JDK release
2024-06-06 08:17:22,307 ERROR [NiFi logging handler] org.apache.nifi.StdErr Warning: Nashorn engine is planned to be removed from a future JDK release
2024-06-06 08:17:22,453 ERROR [NiFi logging handler] org.apache.nifi.StdErr Warning: Nashorn engine is planned to be removed from a future JDK release
2024-06-06 08:17:26,334 ERROR [NiFi logging handler] org.apache.nifi.StdErr WARNING: An illegal reflective access operation has occurred
2024-06-06 08:17:26,335 ERROR [NiFi logging handler] org.apache.nifi.StdErr WARNING: Illegal reflective access by jetbrains.exodus.io.FileDataWriter$Companion$setUninterruptibleMethod$1 (file:/opt/nifi/nifi-current/./work/nar/framework/nifi-framework-nar-1.26.0.nar-unpacked/NAR-INF/bundled-dependencies/xodus-environment-2.0.1.jar) to method sun.nio.ch.FileChannelImpl.setUninterruptible()
2024-06-06 08:17:26,335 ERROR [NiFi logging handler] org.apache.nifi.StdErr WARNING: Please consider reporting this to the maintainers of jetbrains.exodus.io.FileDataWriter$Companion$setUninterruptibleMethod$1
2024-06-06 08:17:26,335 ERROR [NiFi logging handler] org.apache.nifi.StdErr WARNING: Use --illegal-access=warn to enable warnings of further illegal reflective access operations
2024-06-06 08:17:26,335 ERROR [NiFi logging handler] org.apache.nifi.StdErr WARNING: All illegal access operations will be denied in a future release
2024-06-06 08:18:18,603 INFO [main] o.a.n.b.NotificationServiceManager Successfully loaded the following 0 services: []
2024-06-06 08:18:18,611 INFO [main] org.apache.nifi.bootstrap.RunNiFi Registered no Notification Services for Notification Type NIFI_STARTED
2024-06-06 08:18:18,611 INFO [main] org.apache.nifi.bootstrap.RunNiFi Registered no Notification Services for Notification Type NIFI_STOPPED
2024-06-06 08:18:18,611 INFO [main] org.apache.nifi.bootstrap.RunNiFi Registered no Notification Services for Notification Type NIFI_DIED
2024-06-06 08:18:18,620 INFO [main] org.apache.nifi.bootstrap.Command Apache NiFi has accepted the Shutdown Command and is shutting down now
2024-06-06 08:18:18,654 INFO [main] org.apache.nifi.bootstrap.Command NiFi PID [89] shutdown in progress...
2024-06-06 08:18:20,657 INFO [main] org.apache.nifi.bootstrap.Command NiFi PID [89] shutdown completed
2024-06-06 08:18:20,798 INFO [main] org.apache.nifi.bootstrap.RunNiFi Status File no longer exists. Will not restart NiFi
2024-06-06 08:18:53,266 INFO [main] o.a.n.b.NotificationServiceManager Successfully loaded the following 0 services: []
2024-06-06 08:18:53,275 INFO [main] org.apache.nifi.bootstrap.RunNiFi Registered no Notification Services for Notification Type NIFI_STARTED
2024-06-06 08:18:53,275 INFO [main] org.apache.nifi.bootstrap.RunNiFi Registered no Notification Services for Notification Type NIFI_STOPPED
2024-06-06 08:18:53,275 INFO [main] org.apache.nifi.bootstrap.RunNiFi Registered no Notification Services for Notification Type NIFI_DIED
2024-06-06 08:18:53,298 INFO [main] org.apache.nifi.bootstrap.RunNiFi Runtime Java version: 11.0.23
2024-06-06 08:18:53,483 INFO [main] org.apache.nifi.bootstrap.RunNiFi {javaVersion=11.0.23, availableProcessors=8, maxOpenFileDescriptors=1048576, totalPhysicalMemoryMB=19736, minimumHeapSize=1g, maximumHeapSize=1g}
2024-06-06 08:18:53,496 INFO [main] org.apache.nifi.bootstrap.Command Starting Apache NiFi...
2024-06-06 08:18:53,497 INFO [main] org.apache.nifi.bootstrap.Command Working Directory: /opt/nifi/nifi-current
2024-06-06 08:18:53,497 INFO [main] org.apache.nifi.bootstrap.Command Command: /opt/java/openjdk/bin/java -classpath /opt/nifi/nifi-current/./conf:/opt/nifi/nifi-current/./lib/nifi-server-api-1.26.0.jar:/opt/nifi/nifi-current/./lib/nifi-properties-1.26.0.jar:/opt/nifi/nifi-current/./lib/nifi-stateless-bootstrap-1.26.0.jar:/opt/nifi/nifi-current/./lib/nifi-runtime-1.26.0.jar:/opt/nifi/nifi-current/./lib/nifi-stateless-api-1.26.0.jar:/opt/nifi/nifi-current/./lib/jul-to-slf4j-2.0.12.jar:/opt/nifi/nifi-current/./lib/jcl-over-slf4j-2.0.12.jar:/opt/nifi/nifi-current/./lib/logback-core-1.3.14.jar:/opt/nifi/nifi-current/./lib/nifi-api-1.26.0.jar:/opt/nifi/nifi-current/./lib/nifi-property-utils-1.26.0.jar:/opt/nifi/nifi-current/./lib/byte-buddy-1.12.19.jar:/opt/nifi/nifi-current/./lib/logback-classic-1.3.14.jar:/opt/nifi/nifi-current/./lib/nifi-framework-api-1.26.0.jar:/opt/nifi/nifi-current/./lib/log4j-over-slf4j-2.0.12.jar:/opt/nifi/nifi-current/./lib/jetty-schemas-5.2.jar:/opt/nifi/nifi-current/./lib/javax.servlet-api-3.1.0.jar:/opt/nifi/nifi-current/./lib/nifi-nar-utils-1.26.0.jar:/opt/nifi/nifi-current/./lib/nifi-per-process-group-logging-1.26.0.jar:/opt/nifi/nifi-current/./lib/slf4j-api-2.0.12.jar:/opt/nifi/nifi-current/./lib/java11/jakarta.activation-api-1.2.2.jar:/opt/nifi/nifi-current/./lib/java11/jakarta.xml.bind-api-2.3.3.jar:/opt/nifi/nifi-current/./lib/java11/jakarta.activation-1.2.2.jar:/opt/nifi/nifi-current/./lib/java11/istack-commons-runtime-3.0.12.jar:/opt/nifi/nifi-current/./lib/java11/jaxb-runtime-2.3.9.jar:/opt/nifi/nifi-current/./lib/java11/txw2-2.3.9.jar:/opt/nifi/nifi-current/./lib/java11/javax.annotation-api-1.3.2.jar -Dorg.apache.jasper.compiler.disablejsr199=true -Xmx1g -Xms1g -Dcurator-log-only-first-connection-issue-as-error-level=true -Djavax.security.auth.useSubjectCredsOnly=true -Djava.security.egd=file:/dev/urandom -Dzookeeper.admin.enableServer=false -Dsun.net.http.allowRestrictedHeaders=true -Djava.net.preferIPv4Stack=true -Djava.awt.headless=true -Djava.protocol.handler.pkgs=sun.net.www.protocol -Dnifi.properties.file.path=/opt/nifi/nifi-current/./conf/nifi.properties -Dnifi.bootstrap.listen.port=38865 -Dapp=NiFi -Dorg.apache.nifi.bootstrap.config.log.dir=/opt/nifi/nifi-current/logs org.apache.nifi.NiFi 
2024-06-06 08:18:53,570 INFO [main] org.apache.nifi.bootstrap.Command Launched Apache NiFi with Process ID 89
2024-06-06 08:18:54,484 INFO [NiFi Bootstrap Command Listener] org.apache.nifi.bootstrap.RunNiFi Apache NiFi now running and listening for Bootstrap requests on port 46823
2024-06-06 08:19:06,253 ERROR [NiFi logging handler] org.apache.nifi.StdErr Warning: Nashorn engine is planned to be removed from a future JDK release
2024-06-06 08:19:08,026 ERROR [NiFi logging handler] org.apache.nifi.StdErr Warning: Nashorn engine is planned to be removed from a future JDK release
2024-06-06 08:19:08,033 ERROR [NiFi logging handler] org.apache.nifi.StdErr Warning: Nashorn engine is planned to be removed from a future JDK release
2024-06-06 08:19:08,045 ERROR [NiFi logging handler] org.apache.nifi.StdErr Warning: Nashorn engine is planned to be removed from a future JDK release
2024-06-06 08:19:08,051 ERROR [NiFi logging handler] org.apache.nifi.StdErr Warning: Nashorn engine is planned to be removed from a future JDK release
2024-06-06 08:19:08,061 ERROR [NiFi logging handler] org.apache.nifi.StdErr Warning: Nashorn engine is planned to be removed from a future JDK release
2024-06-06 08:19:08,211 ERROR [NiFi logging handler] org.apache.nifi.StdErr Warning: Nashorn engine is planned to be removed from a future JDK release
2024-06-06 08:19:08,221 ERROR [NiFi logging handler] org.apache.nifi.StdErr Warning: Nashorn engine is planned to be removed from a future JDK release
2024-06-06 08:19:08,499 ERROR [NiFi logging handler] org.apache.nifi.StdErr Warning: Nashorn engine is planned to be removed from a future JDK release
2024-06-06 08:19:11,941 ERROR [NiFi logging handler] org.apache.nifi.StdErr WARNING: An illegal reflective access operation has occurred
2024-06-06 08:19:11,941 ERROR [NiFi logging handler] org.apache.nifi.StdErr WARNING: Illegal reflective access by jetbrains.exodus.io.FileDataWriter$Companion$setUninterruptibleMethod$1 (file:/opt/nifi/nifi-current/./work/nar/framework/nifi-framework-nar-1.26.0.nar-unpacked/NAR-INF/bundled-dependencies/xodus-environment-2.0.1.jar) to method sun.nio.ch.FileChannelImpl.setUninterruptible()
2024-06-06 08:19:11,941 ERROR [NiFi logging handler] org.apache.nifi.StdErr WARNING: Please consider reporting this to the maintainers of jetbrains.exodus.io.FileDataWriter$Companion$setUninterruptibleMethod$1
2024-06-06 08:19:11,941 ERROR [NiFi logging handler] org.apache.nifi.StdErr WARNING: Use --illegal-access=warn to enable warnings of further illegal reflective access operations
2024-06-06 08:19:11,941 ERROR [NiFi logging handler] org.apache.nifi.StdErr WARNING: All illegal access operations will be denied in a future release
2024-06-06 08:30:28,919 INFO [main] o.a.n.b.NotificationServiceManager Successfully loaded the following 0 services: []
2024-06-06 08:30:28,921 INFO [main] org.apache.nifi.bootstrap.RunNiFi Registered no Notification Services for Notification Type NIFI_STARTED
2024-06-06 08:30:28,921 INFO [main] org.apache.nifi.bootstrap.RunNiFi Registered no Notification Services for Notification Type NIFI_STOPPED
2024-06-06 08:30:28,921 INFO [main] org.apache.nifi.bootstrap.RunNiFi Registered no Notification Services for Notification Type NIFI_DIED
2024-06-06 08:30:28,935 INFO [main] org.apache.nifi.bootstrap.Command Apache NiFi has accepted the Shutdown Command and is shutting down now
2024-06-06 08:30:28,977 INFO [main] org.apache.nifi.bootstrap.Command NiFi PID [89] shutdown in progress...
2024-06-06 08:30:30,980 INFO [main] org.apache.nifi.bootstrap.Command NiFi PID [89] shutdown completed
2024-06-06 08:30:31,690 INFO [main] org.apache.nifi.bootstrap.RunNiFi Status File no longer exists. Will not restart NiFi
2024-06-06 11:29:43,505 INFO [main] o.a.n.b.NotificationServiceManager Successfully loaded the following 0 services: []
2024-06-06 11:29:43,507 INFO [main] org.apache.nifi.bootstrap.RunNiFi Registered no Notification Services for Notification Type NIFI_STARTED
2024-06-06 11:29:43,508 INFO [main] org.apache.nifi.bootstrap.RunNiFi Registered no Notification Services for Notification Type NIFI_STOPPED
2024-06-06 11:29:43,508 INFO [main] org.apache.nifi.bootstrap.RunNiFi Registered no Notification Services for Notification Type NIFI_DIED
2024-06-06 11:29:43,525 INFO [main] org.apache.nifi.bootstrap.RunNiFi Runtime Java version: 11.0.23
2024-06-06 11:29:43,657 INFO [main] org.apache.nifi.bootstrap.RunNiFi {javaVersion=11.0.23, availableProcessors=8, maxOpenFileDescriptors=1048576, totalPhysicalMemoryMB=19736, minimumHeapSize=1g, maximumHeapSize=1g}
2024-06-06 11:29:43,670 INFO [main] org.apache.nifi.bootstrap.Command Starting Apache NiFi...
2024-06-06 11:29:43,671 INFO [main] org.apache.nifi.bootstrap.Command Working Directory: /opt/nifi/nifi-current
2024-06-06 11:29:43,671 INFO [main] org.apache.nifi.bootstrap.Command Command: /opt/java/openjdk/bin/java -classpath /opt/nifi/nifi-current/./conf:/opt/nifi/nifi-current/./lib/nifi-server-api-1.26.0.jar:/opt/nifi/nifi-current/./lib/nifi-properties-1.26.0.jar:/opt/nifi/nifi-current/./lib/nifi-stateless-bootstrap-1.26.0.jar:/opt/nifi/nifi-current/./lib/nifi-runtime-1.26.0.jar:/opt/nifi/nifi-current/./lib/nifi-stateless-api-1.26.0.jar:/opt/nifi/nifi-current/./lib/jul-to-slf4j-2.0.12.jar:/opt/nifi/nifi-current/./lib/jcl-over-slf4j-2.0.12.jar:/opt/nifi/nifi-current/./lib/logback-core-1.3.14.jar:/opt/nifi/nifi-current/./lib/nifi-api-1.26.0.jar:/opt/nifi/nifi-current/./lib/nifi-property-utils-1.26.0.jar:/opt/nifi/nifi-current/./lib/byte-buddy-1.12.19.jar:/opt/nifi/nifi-current/./lib/logback-classic-1.3.14.jar:/opt/nifi/nifi-current/./lib/nifi-framework-api-1.26.0.jar:/opt/nifi/nifi-current/./lib/log4j-over-slf4j-2.0.12.jar:/opt/nifi/nifi-current/./lib/jetty-schemas-5.2.jar:/opt/nifi/nifi-current/./lib/javax.servlet-api-3.1.0.jar:/opt/nifi/nifi-current/./lib/nifi-nar-utils-1.26.0.jar:/opt/nifi/nifi-current/./lib/nifi-per-process-group-logging-1.26.0.jar:/opt/nifi/nifi-current/./lib/slf4j-api-2.0.12.jar:/opt/nifi/nifi-current/./lib/java11/jakarta.activation-api-1.2.2.jar:/opt/nifi/nifi-current/./lib/java11/jakarta.xml.bind-api-2.3.3.jar:/opt/nifi/nifi-current/./lib/java11/jakarta.activation-1.2.2.jar:/opt/nifi/nifi-current/./lib/java11/istack-commons-runtime-3.0.12.jar:/opt/nifi/nifi-current/./lib/java11/jaxb-runtime-2.3.9.jar:/opt/nifi/nifi-current/./lib/java11/txw2-2.3.9.jar:/opt/nifi/nifi-current/./lib/java11/javax.annotation-api-1.3.2.jar -Dorg.apache.jasper.compiler.disablejsr199=true -Xmx1g -Xms1g -Dcurator-log-only-first-connection-issue-as-error-level=true -Djavax.security.auth.useSubjectCredsOnly=true -Djava.security.egd=file:/dev/urandom -Dzookeeper.admin.enableServer=false -Dsun.net.http.allowRestrictedHeaders=true -Djava.net.preferIPv4Stack=true -Djava.awt.headless=true -Djava.protocol.handler.pkgs=sun.net.www.protocol -Dnifi.properties.file.path=/opt/nifi/nifi-current/./conf/nifi.properties -Dnifi.bootstrap.listen.port=43995 -Dapp=NiFi -Dorg.apache.nifi.bootstrap.config.log.dir=/opt/nifi/nifi-current/logs org.apache.nifi.NiFi 
2024-06-06 11:29:43,721 INFO [main] org.apache.nifi.bootstrap.Command Launched Apache NiFi with Process ID 89
2024-06-06 11:29:44,274 INFO [NiFi Bootstrap Command Listener] org.apache.nifi.bootstrap.RunNiFi Apache NiFi now running and listening for Bootstrap requests on port 38129
2024-06-06 11:29:54,425 ERROR [NiFi logging handler] org.apache.nifi.StdErr WARNING: An illegal reflective access operation has occurred
2024-06-06 11:29:54,425 ERROR [NiFi logging handler] org.apache.nifi.StdErr WARNING: Illegal reflective access by jetbrains.exodus.io.FileDataWriter$Companion$setUninterruptibleMethod$1 (file:/opt/nifi/nifi-current/./work/nar/framework/nifi-framework-nar-1.26.0.nar-unpacked/NAR-INF/bundled-dependencies/xodus-environment-2.0.1.jar) to method sun.nio.ch.FileChannelImpl.setUninterruptible()
2024-06-06 11:29:54,425 ERROR [NiFi logging handler] org.apache.nifi.StdErr WARNING: Please consider reporting this to the maintainers of jetbrains.exodus.io.FileDataWriter$Companion$setUninterruptibleMethod$1
2024-06-06 11:29:54,425 ERROR [NiFi logging handler] org.apache.nifi.StdErr WARNING: Use --illegal-access=warn to enable warnings of further illegal reflective access operations
2024-06-06 11:29:54,425 ERROR [NiFi logging handler] org.apache.nifi.StdErr WARNING: All illegal access operations will be denied in a future release
2024-06-06 16:24:28,783 INFO [main] o.a.n.b.NotificationServiceManager Successfully loaded the following 0 services: []
2024-06-06 16:24:28,785 INFO [main] org.apache.nifi.bootstrap.RunNiFi Registered no Notification Services for Notification Type NIFI_STARTED
2024-06-06 16:24:28,785 INFO [main] org.apache.nifi.bootstrap.RunNiFi Registered no Notification Services for Notification Type NIFI_STOPPED
2024-06-06 16:24:28,785 INFO [main] org.apache.nifi.bootstrap.RunNiFi Registered no Notification Services for Notification Type NIFI_DIED
2024-06-06 16:24:28,794 INFO [main] org.apache.nifi.bootstrap.Command Apache NiFi has accepted the Shutdown Command and is shutting down now
2024-06-06 16:24:28,842 INFO [main] org.apache.nifi.bootstrap.Command NiFi PID [89] shutdown in progress...
2024-06-06 16:24:30,847 INFO [main] org.apache.nifi.bootstrap.Command NiFi PID [89] shutdown in progress...
2024-06-06 16:24:32,057 INFO [main] org.apache.nifi.bootstrap.RunNiFi A shutdown was initiated. Will not restart NiFi
2024-06-06 16:24:32,853 INFO [main] org.apache.nifi.bootstrap.Command NiFi PID [89] shutdown completed
